#
# There is insufficient memory for the Java Runtime Environment to continue.
# Native memory allocation (mmap) failed to map 2147483648 bytes for committing reserved memory.
# Possible reasons:
#   The system is out of physical RAM or swap space
#   The process is running with CompressedOops enabled, and the Java Heap may be blocking the growth of the native heap
# Possible solutions:
#   Reduce memory load on the system
#   Increase physical memory or swap space
#   Check if swap backing store is full
#   Decrease Java heap size (-Xmx/-Xms)
#   Decrease number of Java threads
#   Decrease Java thread stack sizes (-Xss)
#   Set larger code cache with -XX:ReservedCodeCacheSize=
# This output file may be truncated or incomplete.
#
#  Out of Memory Error (os_linux.cpp:2706), pid=19455, tid=19456
#
# JRE version:  (10.0.2+13) (build )
# Java VM: OpenJDK 64-Bit Server VM (10.0.2+13-Ubuntu-1ubuntu0.18.04.4, mixed mode, aot, tiered, compressed oops, g1 gc, linux-amd64)
# Core dump will be written. Default location: Core dumps may be processed with "/usr/share/apport/apport %p %s %c %d %P" (or dumping to /home/zpeng/pppp/pado/includes/core.19455)
#

---------------  S U M M A R Y ------------

Command Line: 

Host: Intel(R) Xeon(R) Gold 6138 CPU @ 2.00GHz, 80 cores, 187G, Ubuntu 18.04.1 LTS
Time: Fri Feb  1 10:42:12 2019 EST elapsed time: 0 seconds (0d 0h 0m 0s)

---------------  T H R E A D  ---------------

Current thread (0x00007f9dc0012000):  JavaThread "Unknown thread" [_thread_in_vm, id=19456, stack(0x00007f9dc9740000,0x00007f9dc9841000)]

Stack: [0x00007f9dc9740000,0x00007f9dc9841000],  sp=0x00007f9dc983f2e0,  free space=1020k
Native frames: (J=compiled Java code, A=aot compiled Java code, j=interpreted, Vv=VM code, C=native code)
V  [libjvm.so+0xd27ea4]
V  [libjvm.so+0xd28a4b]
V  [libjvm.so+0x64d415]
V  [libjvm.so+0xb2d7c8]
V  [libjvm.so+0xb2601d]
V  [libjvm.so+0x7662ff]
V  [libjvm.so+0x76653e]
V  [libjvm.so+0x769500]
V  [libjvm.so+0x7efa1c]
V  [libjvm.so+0x7f06df]
V  [libjvm.so+0x7f0b59]
V  [libjvm.so+0x7162cf]
V  [libjvm.so+0x71afd3]
V  [libjvm.so+0xce5dc2]
V  [libjvm.so+0xce60c6]
V  [libjvm.so+0x807d57]
V  [libjvm.so+0xcc7ac4]
V  [libjvm.so+0x8601b1]  JNI_CreateJavaVM+0x51
C  [libjli.so+0x3d83]
C  [libjli.so+0x89dd]
C  [libpthread.so.0+0x76db]  start_thread+0xdb


---------------  P R O C E S S  ---------------

Threads class SMR info:
_java_thread_list=0x000055f327428570, length=0, elements={
}

Java Threads: ( => current thread )

Other Threads:
  0x00007f9dc002d000 GCTaskThread "GC Thread#0" [stack: 0x00007f9dc586e000,0x00007f9dc596e000] [id=19457]
  0x00007f9dc002e800 GCTaskThread "GC Thread#1" [stack: 0x00007f9dc576c000,0x00007f9dc586c000] [id=19458]
  0x00007f9dc0030800 GCTaskThread "GC Thread#2" [stack: 0x00007f9dc566a000,0x00007f9dc576a000] [id=19459]
  0x00007f9dc0032000 GCTaskThread "GC Thread#3" [stack: 0x00007f9dc5568000,0x00007f9dc5668000] [id=19460]
  0x00007f9dc0034000 GCTaskThread "GC Thread#4" [stack: 0x00007f9dc5466000,0x00007f9dc5566000] [id=19461]
  0x00007f9dc0035800 GCTaskThread "GC Thread#5" [stack: 0x00007f9dc5364000,0x00007f9dc5464000] [id=19462]
  0x00007f9dc0037000 GCTaskThread "GC Thread#6" [stack: 0x00007f9dc5262000,0x00007f9dc5362000] [id=19463]
  0x00007f9dc0039000 GCTaskThread "GC Thread#7" [stack: 0x00007f9dc5160000,0x00007f9dc5260000] [id=19464]
  0x00007f9dc003a800 GCTaskThread "GC Thread#8" [stack: 0x00007f9dc505e000,0x00007f9dc515e000] [id=19465]
  0x00007f9dc003c800 GCTaskThread "GC Thread#9" [stack: 0x00007f9dc4f5c000,0x00007f9dc505c000] [id=19466]
  0x00007f9dc003e000 GCTaskThread "GC Thread#10" [stack: 0x00007f9dc4e5a000,0x00007f9dc4f5a000] [id=19467]
  0x00007f9dc003f800 GCTaskThread "GC Thread#11" [stack: 0x00007f9dc4d58000,0x00007f9dc4e58000] [id=19468]
  0x00007f9dc0041800 GCTaskThread "GC Thread#12" [stack: 0x00007f9dc4c56000,0x00007f9dc4d56000] [id=19469]
  0x00007f9dc0043000 GCTaskThread "GC Thread#13" [stack: 0x00007f9dc4b54000,0x00007f9dc4c54000] [id=19470]
  0x00007f9dc0045000 GCTaskThread "GC Thread#14" [stack: 0x00007f9dc4a52000,0x00007f9dc4b52000] [id=19471]
  0x00007f9dc0046800 GCTaskThread "GC Thread#15" [stack: 0x00007f9dc4950000,0x00007f9dc4a50000] [id=19472]
  0x00007f9dc0048000 GCTaskThread "GC Thread#16" [stack: 0x00007f9dc484e000,0x00007f9dc494e000] [id=19473]
  0x00007f9dc004a000 GCTaskThread "GC Thread#17" [stack: 0x00007f9dc474c000,0x00007f9dc484c000] [id=19474]
  0x00007f9dc004b800 GCTaskThread "GC Thread#18" [stack: 0x00007f9dc464a000,0x00007f9dc474a000] [id=19475]
  0x00007f9dc004d800 GCTaskThread "GC Thread#19" [stack: 0x00007f9dc4548000,0x00007f9dc4648000] [id=19476]
  0x00007f9dc004f000 GCTaskThread "GC Thread#20" [stack: 0x00007f9dc4446000,0x00007f9dc4546000] [id=19477]
  0x00007f9dc0050800 GCTaskThread "GC Thread#21" [stack: 0x00007f9dc4344000,0x00007f9dc4444000] [id=19478]
  0x00007f9dc0052800 GCTaskThread "GC Thread#22" [stack: 0x00007f9dc4242000,0x00007f9dc4342000] [id=19479]
  0x00007f9dc0054000 GCTaskThread "GC Thread#23" [stack: 0x00007f9dc4140000,0x00007f9dc4240000] [id=19480]
  0x00007f9dc0056000 GCTaskThread "GC Thread#24" [stack: 0x00007f9dc403e000,0x00007f9dc413e000] [id=19481]
  0x00007f9dc0057800 GCTaskThread "GC Thread#25" [stack: 0x00007f9da7a25000,0x00007f9da7b25000] [id=19482]
  0x00007f9dc0059000 GCTaskThread "GC Thread#26" [stack: 0x00007f9da7923000,0x00007f9da7a23000] [id=19483]
  0x00007f9dc005b000 GCTaskThread "GC Thread#27" [stack: 0x00007f9da7821000,0x00007f9da7921000] [id=19484]
  0x00007f9dc005c800 GCTaskThread "GC Thread#28" [stack: 0x00007f9da771f000,0x00007f9da781f000] [id=19485]
  0x00007f9dc005e800 GCTaskThread "GC Thread#29" [stack: 0x00007f9da761d000,0x00007f9da771d000] [id=19486]
  0x00007f9dc0060000 GCTaskThread "GC Thread#30" [stack: 0x00007f9da751b000,0x00007f9da761b000] [id=19487]
  0x00007f9dc0061800 GCTaskThread "GC Thread#31" [stack: 0x00007f9da7419000,0x00007f9da7519000] [id=19488]
  0x00007f9dc0063800 GCTaskThread "GC Thread#32" [stack: 0x00007f9da7317000,0x00007f9da7417000] [id=19489]
  0x00007f9dc0065000 GCTaskThread "GC Thread#33" [stack: 0x00007f9da7215000,0x00007f9da7315000] [id=19490]
  0x00007f9dc0067000 GCTaskThread "GC Thread#34" [stack: 0x00007f9da7113000,0x00007f9da7213000] [id=19491]
  0x00007f9dc0068800 GCTaskThread "GC Thread#35" [stack: 0x00007f9da7011000,0x00007f9da7111000] [id=19492]
  0x00007f9dc006a800 GCTaskThread "GC Thread#36" [stack: 0x00007f9da6f0f000,0x00007f9da700f000] [id=19493]
  0x00007f9dc006c000 GCTaskThread "GC Thread#37" [stack: 0x00007f9da6e0d000,0x00007f9da6f0d000] [id=19494]
  0x00007f9dc006d800 GCTaskThread "GC Thread#38" [stack: 0x00007f9da6d0b000,0x00007f9da6e0b000] [id=19495]
  0x00007f9dc006f800 GCTaskThread "GC Thread#39" [stack: 0x00007f9da6c09000,0x00007f9da6d09000] [id=19496]
  0x00007f9dc0071000 GCTaskThread "GC Thread#40" [stack: 0x00007f9da6b07000,0x00007f9da6c07000] [id=19497]
  0x00007f9dc0073000 GCTaskThread "GC Thread#41" [stack: 0x00007f9da6a05000,0x00007f9da6b05000] [id=19498]
  0x00007f9dc0074800 GCTaskThread "GC Thread#42" [stack: 0x00007f9da6903000,0x00007f9da6a03000] [id=19499]
  0x00007f9dc0076000 GCTaskThread "GC Thread#43" [stack: 0x00007f9da6801000,0x00007f9da6901000] [id=19500]
  0x00007f9dc0078000 GCTaskThread "GC Thread#44" [stack: 0x00007f9da66ff000,0x00007f9da67ff000] [id=19501]
  0x00007f9dc0079800 GCTaskThread "GC Thread#45" [stack: 0x00007f9da65fd000,0x00007f9da66fd000] [id=19502]
  0x00007f9dc007b800 GCTaskThread "GC Thread#46" [stack: 0x00007f9da64fb000,0x00007f9da65fb000] [id=19503]
  0x00007f9dc007d000 GCTaskThread "GC Thread#47" [stack: 0x00007f9da63f9000,0x00007f9da64f9000] [id=19504]
  0x00007f9dc007e800 GCTaskThread "GC Thread#48" [stack: 0x00007f9da62f7000,0x00007f9da63f7000] [id=19505]
  0x00007f9dc0080800 GCTaskThread "GC Thread#49" [stack: 0x00007f9da61f5000,0x00007f9da62f5000] [id=19506]
  0x00007f9dc0082000 GCTaskThread "GC Thread#50" [stack: 0x00007f9da60f3000,0x00007f9da61f3000] [id=19507]
  0x00007f9dc0084000 GCTaskThread "GC Thread#51" [stack: 0x00007f9da5ff1000,0x00007f9da60f1000] [id=19508]
  0x00007f9dc0085800 GCTaskThread "GC Thread#52" [stack: 0x00007f9da5eef000,0x00007f9da5fef000] [id=19509]
  0x00007f9dc00d9000 ConcurrentGCThread "G1 Main Marker" [stack: 0x00007f9c867ed000,0x00007f9c868ed000] [id=19510]
  0x00007f9dc00da800 ConcurrentGCThread "G1 Conc#0" [stack: 0x00007f9c866eb000,0x00007f9c867eb000] [id=19511]
  0x00007f9dc00dc800 ConcurrentGCThread "G1 Conc#1" [stack: 0x00007f9c865e9000,0x00007f9c866e9000] [id=19512]
  0x00007f9dc00de000 ConcurrentGCThread "G1 Conc#2" [stack: 0x00007f9c864e7000,0x00007f9c865e7000] [id=19513]
  0x00007f9dc00df800 ConcurrentGCThread "G1 Conc#3" [stack: 0x00007f9c863e5000,0x00007f9c864e5000] [id=19514]
  0x00007f9dc00e1800 ConcurrentGCThread "G1 Conc#4" [stack: 0x00007f9c862e3000,0x00007f9c863e3000] [id=19515]
  0x00007f9dc00e3000 ConcurrentGCThread "G1 Conc#5" [stack: 0x00007f9c861e1000,0x00007f9c862e1000] [id=19516]
  0x00007f9dc00e5000 ConcurrentGCThread "G1 Conc#6" [stack: 0x00007f9c860df000,0x00007f9c861df000] [id=19517]
  0x00007f9dc00e6800 ConcurrentGCThread "G1 Conc#7" [stack: 0x00007f9c85fdd000,0x00007f9c860dd000] [id=19518]
  0x00007f9dc00e8000 ConcurrentGCThread "G1 Conc#8" [stack: 0x00007f9c85edb000,0x00007f9c85fdb000] [id=19519]
  0x00007f9dc00ea000 ConcurrentGCThread "G1 Conc#9" [stack: 0x00007f9c85dd9000,0x00007f9c85ed9000] [id=19520]
  0x00007f9dc00eb800 ConcurrentGCThread "G1 Conc#10" [stack: 0x00007f9c85cd7000,0x00007f9c85dd7000] [id=19521]
  0x00007f9dc00ed800 ConcurrentGCThread "G1 Conc#11" [stack: 0x00007f9c85bd5000,0x00007f9c85cd5000] [id=19522]
  0x00007f9dc00ef000 ConcurrentGCThread "G1 Conc#12" [stack: 0x00007f9c85ad3000,0x00007f9c85bd3000] [id=19523]

[error occurred during error reporting (printing all threads), id 0xe0000002]

VM state:not at safepoint (not fully initialized)

VM Mutex/Monitor currently owned by a thread:  ([mutex/lock_event])
[0x00007f9dc000ee40] Heap_lock - owner thread: 0x00007f9dc0012000

Heap address: 0x0000000082000000, size: 30688 MB, Compressed Oops mode: Non-zero based: 0x0000000082000000
Narrow klass base: 0x0000000000000000, Narrow klass shift: 0

GC Heap History (0 events):
No events

Deoptimization events (0 events):
No events

Classes redefined (0 events):
No events

Internal exceptions (0 events):
No events

Events (0 events):
No events


Dynamic libraries:
102000000-800000000 ---p 00000000 00:00 0 
55f3263c9000-55f3263ca000 r-xp 00000000 08:22 3671113                    /usr/lib/jvm/java-11-openjdk-amd64/bin/java
55f3265ca000-55f3265cb000 r--p 00001000 08:22 3671113                    /usr/lib/jvm/java-11-openjdk-amd64/bin/java
55f3265cb000-55f3265cc000 rw-p 00002000 08:22 3671113                    /usr/lib/jvm/java-11-openjdk-amd64/bin/java
55f327411000-55f327432000 rw-p 00000000 00:00 0                          [heap]
7f9c48000000-7f9c48021000 rw-p 00000000 00:00 0 
7f9c48021000-7f9c4c000000 ---p 00000000 00:00 0 
7f9c4c4e5000-7f9c50000000 rw-p 00000000 00:00 0 
7f9c50000000-7f9c50021000 rw-p 00000000 00:00 0 
7f9c50021000-7f9c54000000 ---p 00000000 00:00 0 
7f9c54000000-7f9c54021000 rw-p 00000000 00:00 0 
7f9c54021000-7f9c58000000 ---p 00000000 00:00 0 
7f9c58000000-7f9c58021000 rw-p 00000000 00:00 0 
7f9c58021000-7f9c5c000000 ---p 00000000 00:00 0 
7f9c5c000000-7f9c5c021000 rw-p 00000000 00:00 0 
7f9c5c021000-7f9c60000000 ---p 00000000 00:00 0 
7f9c60000000-7f9c60021000 rw-p 00000000 00:00 0 
7f9c60021000-7f9c64000000 ---p 00000000 00:00 0 
7f9c64000000-7f9c64021000 rw-p 00000000 00:00 0 
7f9c64021000-7f9c68000000 ---p 00000000 00:00 0 
7f9c68000000-7f9c68021000 rw-p 00000000 00:00 0 
7f9c68021000-7f9c6c000000 ---p 00000000 00:00 0 
7f9c6c000000-7f9c6c021000 rw-p 00000000 00:00 0 
7f9c6c021000-7f9c70000000 ---p 00000000 00:00 0 
7f9c70000000-7f9c70021000 rw-p 00000000 00:00 0 
7f9c70021000-7f9c74000000 ---p 00000000 00:00 0 
7f9c74000000-7f9c74021000 rw-p 00000000 00:00 0 
7f9c74021000-7f9c78000000 ---p 00000000 00:00 0 
7f9c78000000-7f9c78021000 rw-p 00000000 00:00 0 
7f9c78021000-7f9c7c000000 ---p 00000000 00:00 0 
7f9c7c000000-7f9c7c021000 rw-p 00000000 00:00 0 
7f9c7c021000-7f9c80000000 ---p 00000000 00:00 0 
7f9c80000000-7f9c80021000 rw-p 00000000 00:00 0 
7f9c80021000-7f9c84000000 ---p 00000000 00:00 0 
7f9c840b7000-7f9c85ad1000 rw-p 00000000 00:00 0 
7f9c85ad1000-7f9c85ad2000 ---p 00000000 00:00 0 
7f9c85ad2000-7f9c85bd3000 rw-p 00000000 00:00 0 
7f9c85bd3000-7f9c85bd4000 ---p 00000000 00:00 0 
7f9c85bd4000-7f9c85cd5000 rw-p 00000000 00:00 0 
7f9c85cd5000-7f9c85cd6000 ---p 00000000 00:00 0 
7f9c85cd6000-7f9c85dd7000 rw-p 00000000 00:00 0 
7f9c85dd7000-7f9c85dd8000 ---p 00000000 00:00 0 
7f9c85dd8000-7f9c85ed9000 rw-p 00000000 00:00 0 
7f9c85ed9000-7f9c85eda000 ---p 00000000 00:00 0 
7f9c85eda000-7f9c85fdb000 rw-p 00000000 00:00 0 
7f9c85fdb000-7f9c85fdc000 ---p 00000000 00:00 0 
7f9c85fdc000-7f9c860dd000 rw-p 00000000 00:00 0 
7f9c860dd000-7f9c860de000 ---p 00000000 00:00 0 
7f9c860de000-7f9c861df000 rw-p 00000000 00:00 0 
7f9c861df000-7f9c861e0000 ---p 00000000 00:00 0 
7f9c861e0000-7f9c862e1000 rw-p 00000000 00:00 0 
7f9c862e1000-7f9c862e2000 ---p 00000000 00:00 0 
7f9c862e2000-7f9c863e3000 rw-p 00000000 00:00 0 
7f9c863e3000-7f9c863e4000 ---p 00000000 00:00 0 
7f9c863e4000-7f9c864e5000 rw-p 00000000 00:00 0 
7f9c864e5000-7f9c864e6000 ---p 00000000 00:00 0 
7f9c864e6000-7f9c865e7000 rw-p 00000000 00:00 0 
7f9c865e7000-7f9c865e8000 ---p 00000000 00:00 0 
7f9c865e8000-7f9c866e9000 rw-p 00000000 00:00 0 
7f9c866e9000-7f9c866ea000 ---p 00000000 00:00 0 
7f9c866ea000-7f9c867eb000 rw-p 00000000 00:00 0 
7f9c867eb000-7f9c867ec000 ---p 00000000 00:00 0 
7f9c867ec000-7f9c87529000 rw-p 00000000 00:00 0 
7f9c87529000-7f9cce7f9000 ---p 00000000 00:00 0 
7f9cce7f9000-7f9cd0000000 rw-p 00000000 00:00 0 
7f9cd0000000-7f9cd0021000 rw-p 00000000 00:00 0 
7f9cd0021000-7f9cd4000000 ---p 00000000 00:00 0 
7f9cd4000000-7f9cd4021000 rw-p 00000000 00:00 0 
7f9cd4021000-7f9cd8000000 ---p 00000000 00:00 0 
7f9cd8000000-7f9cd8021000 rw-p 00000000 00:00 0 
7f9cd8021000-7f9cdc000000 ---p 00000000 00:00 0 
7f9cdc000000-7f9cdc021000 rw-p 00000000 00:00 0 
7f9cdc021000-7f9ce0000000 ---p 00000000 00:00 0 
7f9ce0000000-7f9ce0021000 rw-p 00000000 00:00 0 
7f9ce0021000-7f9ce4000000 ---p 00000000 00:00 0 
7f9ce4000000-7f9ce4021000 rw-p 00000000 00:00 0 
7f9ce4021000-7f9ce8000000 ---p 00000000 00:00 0 
7f9ce8000000-7f9ce8021000 rw-p 00000000 00:00 0 
7f9ce8021000-7f9cec000000 ---p 00000000 00:00 0 
7f9cec000000-7f9cec021000 rw-p 00000000 00:00 0 
7f9cec021000-7f9cf0000000 ---p 00000000 00:00 0 
7f9cf0000000-7f9cf0021000 rw-p 00000000 00:00 0 
7f9cf0021000-7f9cf4000000 ---p 00000000 00:00 0 
7f9cf4000000-7f9cf4021000 rw-p 00000000 00:00 0 
7f9cf4021000-7f9cf8000000 ---p 00000000 00:00 0 
7f9cf8000000-7f9cf8021000 rw-p 00000000 00:00 0 
7f9cf8021000-7f9cfc000000 ---p 00000000 00:00 0 
7f9cfc000000-7f9cfc021000 rw-p 00000000 00:00 0 
7f9cfc021000-7f9d00000000 ---p 00000000 00:00 0 
7f9d00000000-7f9d00021000 rw-p 00000000 00:00 0 
7f9d00021000-7f9d04000000 ---p 00000000 00:00 0 
7f9d04000000-7f9d04021000 rw-p 00000000 00:00 0 
7f9d04021000-7f9d08000000 ---p 00000000 00:00 0 
7f9d08000000-7f9d08021000 rw-p 00000000 00:00 0 
7f9d08021000-7f9d0c000000 ---p 00000000 00:00 0 
7f9d0c000000-7f9d0c021000 rw-p 00000000 00:00 0 
7f9d0c021000-7f9d10000000 ---p 00000000 00:00 0 
7f9d10000000-7f9d10021000 rw-p 00000000 00:00 0 
7f9d10021000-7f9d14000000 ---p 00000000 00:00 0 
7f9d14000000-7f9d14021000 rw-p 00000000 00:00 0 
7f9d14021000-7f9d18000000 ---p 00000000 00:00 0 
7f9d18000000-7f9d18021000 rw-p 00000000 00:00 0 
7f9d18021000-7f9d1c000000 ---p 00000000 00:00 0 
7f9d1c000000-7f9d1c021000 rw-p 00000000 00:00 0 
7f9d1c021000-7f9d20000000 ---p 00000000 00:00 0 
7f9d20000000-7f9d20021000 rw-p 00000000 00:00 0 
7f9d20021000-7f9d24000000 ---p 00000000 00:00 0 
7f9d24000000-7f9d24021000 rw-p 00000000 00:00 0 
7f9d24021000-7f9d28000000 ---p 00000000 00:00 0 
7f9d28000000-7f9d28021000 rw-p 00000000 00:00 0 
7f9d28021000-7f9d2c000000 ---p 00000000 00:00 0 
7f9d2c000000-7f9d2c021000 rw-p 00000000 00:00 0 
7f9d2c021000-7f9d30000000 ---p 00000000 00:00 0 
7f9d30000000-7f9d30021000 rw-p 00000000 00:00 0 
7f9d30021000-7f9d34000000 ---p 00000000 00:00 0 
7f9d34000000-7f9d34021000 rw-p 00000000 00:00 0 
7f9d34021000-7f9d38000000 ---p 00000000 00:00 0 
7f9d38000000-7f9d38021000 rw-p 00000000 00:00 0 
7f9d38021000-7f9d3c000000 ---p 00000000 00:00 0 
7f9d3c000000-7f9d3c021000 rw-p 00000000 00:00 0 
7f9d3c021000-7f9d40000000 ---p 00000000 00:00 0 
7f9d40000000-7f9d40021000 rw-p 00000000 00:00 0 
7f9d40021000-7f9d44000000 ---p 00000000 00:00 0 
7f9d44000000-7f9d44021000 rw-p 00000000 00:00 0 
7f9d44021000-7f9d48000000 ---p 00000000 00:00 0 
7f9d48000000-7f9d48021000 rw-p 00000000 00:00 0 
7f9d48021000-7f9d4c000000 ---p 00000000 00:00 0 
7f9d4c000000-7f9d4c021000 rw-p 00000000 00:00 0 
7f9d4c021000-7f9d50000000 ---p 00000000 00:00 0 
7f9d50000000-7f9d50021000 rw-p 00000000 00:00 0 
7f9d50021000-7f9d54000000 ---p 00000000 00:00 0 
7f9d54000000-7f9d54021000 rw-p 00000000 00:00 0 
7f9d54021000-7f9d58000000 ---p 00000000 00:00 0 
7f9d58000000-7f9d58021000 rw-p 00000000 00:00 0 
7f9d58021000-7f9d5c000000 ---p 00000000 00:00 0 
7f9d5c000000-7f9d5c021000 rw-p 00000000 00:00 0 
7f9d5c021000-7f9d60000000 ---p 00000000 00:00 0 
7f9d60000000-7f9d60021000 rw-p 00000000 00:00 0 
7f9d60021000-7f9d64000000 ---p 00000000 00:00 0 
7f9d64000000-7f9d64021000 rw-p 00000000 00:00 0 
7f9d64021000-7f9d68000000 ---p 00000000 00:00 0 
7f9d68000000-7f9d68021000 rw-p 00000000 00:00 0 
7f9d68021000-7f9d6c000000 ---p 00000000 00:00 0 
7f9d6c000000-7f9d6c021000 rw-p 00000000 00:00 0 
7f9d6c021000-7f9d70000000 ---p 00000000 00:00 0 
7f9d70000000-7f9d70021000 rw-p 00000000 00:00 0 
7f9d70021000-7f9d74000000 ---p 00000000 00:00 0 
7f9d74000000-7f9d74021000 rw-p 00000000 00:00 0 
7f9d74021000-7f9d78000000 ---p 00000000 00:00 0 
7f9d78000000-7f9d78021000 rw-p 00000000 00:00 0 
7f9d78021000-7f9d7c000000 ---p 00000000 00:00 0 
7f9d7c000000-7f9d7c021000 rw-p 00000000 00:00 0 
7f9d7c021000-7f9d80000000 ---p 00000000 00:00 0 
7f9d80000000-7f9d80021000 rw-p 00000000 00:00 0 
7f9d80021000-7f9d84000000 ---p 00000000 00:00 0 
7f9d84000000-7f9d84021000 rw-p 00000000 00:00 0 
7f9d84021000-7f9d88000000 ---p 00000000 00:00 0 
7f9d88000000-7f9d88021000 rw-p 00000000 00:00 0 
7f9d88021000-7f9d8c000000 ---p 00000000 00:00 0 
7f9d8c000000-7f9d8c021000 rw-p 00000000 00:00 0 
7f9d8c021000-7f9d90000000 ---p 00000000 00:00 0 
7f9d90000000-7f9d90021000 rw-p 00000000 00:00 0 
7f9d90021000-7f9d94000000 ---p 00000000 00:00 0 
7f9d94000000-7f9d94021000 rw-p 00000000 00:00 0 
7f9d94021000-7f9d98000000 ---p 00000000 00:00 0 
7f9d98000000-7f9d98021000 rw-p 00000000 00:00 0 
7f9d98021000-7f9d9c000000 ---p 00000000 00:00 0 
7f9d9c000000-7f9d9c021000 rw-p 00000000 00:00 0 
7f9d9c021000-7f9da0000000 ---p 00000000 00:00 0 
7f9da0000000-7f9da0021000 rw-p 00000000 00:00 0 
7f9da0021000-7f9da4000000 ---p 00000000 00:00 0 
7f9da40cf000-7f9da5eed000 rw-p 00000000 00:00 0 
7f9da5eed000-7f9da5eee000 ---p 00000000 00:00 0 
7f9da5eee000-7f9da5fef000 rw-p 00000000 00:00 0 
7f9da5fef000-7f9da5ff0000 ---p 00000000 00:00 0 
7f9da5ff0000-7f9da60f1000 rw-p 00000000 00:00 0 
7f9da60f1000-7f9da60f2000 ---p 00000000 00:00 0 
7f9da60f2000-7f9da61f3000 rw-p 00000000 00:00 0 
7f9da61f3000-7f9da61f4000 ---p 00000000 00:00 0 
7f9da61f4000-7f9da62f5000 rw-p 00000000 00:00 0 
7f9da62f5000-7f9da62f6000 ---p 00000000 00:00 0 
7f9da62f6000-7f9da63f7000 rw-p 00000000 00:00 0 
7f9da63f7000-7f9da63f8000 ---p 00000000 00:00 0 
7f9da63f8000-7f9da64f9000 rw-p 00000000 00:00 0 
7f9da64f9000-7f9da64fa000 ---p 00000000 00:00 0 
7f9da64fa000-7f9da65fb000 rw-p 00000000 00:00 0 
7f9da65fb000-7f9da65fc000 ---p 00000000 00:00 0 
7f9da65fc000-7f9da66fd000 rw-p 00000000 00:00 0 
7f9da66fd000-7f9da66fe000 ---p 00000000 00:00 0 
7f9da66fe000-7f9da67ff000 rw-p 00000000 00:00 0 
7f9da67ff000-7f9da6800000 ---p 00000000 00:00 0 
7f9da6800000-7f9da6901000 rw-p 00000000 00:00 0 
7f9da6901000-7f9da6902000 ---p 00000000 00:00 0 
7f9da6902000-7f9da6a03000 rw-p 00000000 00:00 0 
7f9da6a03000-7f9da6a04000 ---p 00000000 00:00 0 
7f9da6a04000-7f9da6b05000 rw-p 00000000 00:00 0 
7f9da6b05000-7f9da6b06000 ---p 00000000 00:00 0 
7f9da6b06000-7f9da6c07000 rw-p 00000000 00:00 0 
7f9da6c07000-7f9da6c08000 ---p 00000000 00:00 0 
7f9da6c08000-7f9da6d09000 rw-p 00000000 00:00 0 
7f9da6d09000-7f9da6d0a000 ---p 00000000 00:00 0 
7f9da6d0a000-7f9da6e0b000 rw-p 00000000 00:00 0 
7f9da6e0b000-7f9da6e0c000 ---p 00000000 00:00 0 
7f9da6e0c000-7f9da6f0d000 rw-p 00000000 00:00 0 
7f9da6f0d000-7f9da6f0e000 ---p 00000000 00:00 0 
7f9da6f0e000-7f9da700f000 rw-p 00000000 00:00 0 
7f9da700f000-7f9da7010000 ---p 00000000 00:00 0 
7f9da7010000-7f9da7111000 rw-p 00000000 00:00 0 
7f9da7111000-7f9da7112000 ---p 00000000 00:00 0 
7f9da7112000-7f9da7213000 rw-p 00000000 00:00 0 
7f9da7213000-7f9da7214000 ---p 00000000 00:00 0 
7f9da7214000-7f9da7315000 rw-p 00000000 00:00 0 
7f9da7315000-7f9da7316000 ---p 00000000 00:00 0 
7f9da7316000-7f9da7417000 rw-p 00000000 00:00 0 
7f9da7417000-7f9da7418000 ---p 00000000 00:00 0 
7f9da7418000-7f9da7519000 rw-p 00000000 00:00 0 
7f9da7519000-7f9da751a000 ---p 00000000 00:00 0 
7f9da751a000-7f9da761b000 rw-p 00000000 00:00 0 
7f9da761b000-7f9da761c000 ---p 00000000 00:00 0 
7f9da761c000-7f9da771d000 rw-p 00000000 00:00 0 
7f9da771d000-7f9da771e000 ---p 00000000 00:00 0 
7f9da771e000-7f9da781f000 rw-p 00000000 00:00 0 
7f9da781f000-7f9da7820000 ---p 00000000 00:00 0 
7f9da7820000-7f9da7921000 rw-p 00000000 00:00 0 
7f9da7921000-7f9da7922000 ---p 00000000 00:00 0 
7f9da7922000-7f9da7a23000 rw-p 00000000 00:00 0 
7f9da7a23000-7f9da7a24000 ---p 00000000 00:00 0 
7f9da7a24000-7f9da7b25000 rw-p 00000000 00:00 0 
7f9da7b25000-7f9da7d95000 rwxp 00000000 00:00 0 
7f9da7d95000-7f9da8382000 ---p 00000000 00:00 0 
7f9da8382000-7f9da85f2000 rwxp 00000000 00:00 0 
7f9da85f2000-7f9daf753000 ---p 00000000 00:00 0 
7f9daf753000-7f9daf9c3000 rwxp 00000000 00:00 0 
7f9daf9c3000-7f9db6b25000 ---p 00000000 00:00 0 
7f9db6b25000-7f9dc0000000 r--s 00000000 08:22 3671288                    /usr/lib/jvm/java-11-openjdk-amd64/lib/modules
7f9dc0000000-7f9dc010c000 rw-p 00000000 00:00 0 
7f9dc010c000-7f9dc4000000 ---p 00000000 00:00 0 
7f9dc403c000-7f9dc403d000 ---p 00000000 00:00 0 
7f9dc403d000-7f9dc413e000 rw-p 00000000 00:00 0 
7f9dc413e000-7f9dc413f000 ---p 00000000 00:00 0 
7f9dc413f000-7f9dc4240000 rw-p 00000000 00:00 0 
7f9dc4240000-7f9dc4241000 ---p 00000000 00:00 0 
7f9dc4241000-7f9dc4342000 rw-p 00000000 00:00 0 
7f9dc4342000-7f9dc4343000 ---p 00000000 00:00 0 
7f9dc4343000-7f9dc4444000 rw-p 00000000 00:00 0 
7f9dc4444000-7f9dc4445000 ---p 00000000 00:00 0 
7f9dc4445000-7f9dc4546000 rw-p 00000000 00:00 0 
7f9dc4546000-7f9dc4547000 ---p 00000000 00:00 0 
7f9dc4547000-7f9dc4648000 rw-p 00000000 00:00 0 
7f9dc4648000-7f9dc4649000 ---p 00000000 00:00 0 
7f9dc4649000-7f9dc474a000 rw-p 00000000 00:00 0 
7f9dc474a000-7f9dc474b000 ---p 00000000 00:00 0 
7f9dc474b000-7f9dc484c000 rw-p 00000000 00:00 0 
7f9dc484c000-7f9dc484d000 ---p 00000000 00:00 0 
7f9dc484d000-7f9dc494e000 rw-p 00000000 00:00 0 
7f9dc494e000-7f9dc494f000 ---p 00000000 00:00 0 
7f9dc494f000-7f9dc4a50000 rw-p 00000000 00:00 0 
7f9dc4a50000-7f9dc4a51000 ---p 00000000 00:00 0 
7f9dc4a51000-7f9dc4b52000 rw-p 00000000 00:00 0 
7f9dc4b52000-7f9dc4b53000 ---p 00000000 00:00 0 
7f9dc4b53000-7f9dc4c54000 rw-p 00000000 00:00 0 
7f9dc4c54000-7f9dc4c55000 ---p 00000000 00:00 0 
7f9dc4c55000-7f9dc4d56000 rw-p 00000000 00:00 0 
7f9dc4d56000-7f9dc4d57000 ---p 00000000 00:00 0 
7f9dc4d57000-7f9dc4e58000 rw-p 00000000 00:00 0 
7f9dc4e58000-7f9dc4e59000 ---p 00000000 00:00 0 
7f9dc4e59000-7f9dc4f5a000 rw-p 00000000 00:00 0 
7f9dc4f5a000-7f9dc4f5b000 ---p 00000000 00:00 0 
7f9dc4f5b000-7f9dc505c000 rw-p 00000000 00:00 0 
7f9dc505c000-7f9dc505d000 ---p 00000000 00:00 0 
7f9dc505d000-7f9dc515e000 rw-p 00000000 00:00 0 
7f9dc515e000-7f9dc515f000 ---p 00000000 00:00 0 
7f9dc515f000-7f9dc5260000 rw-p 00000000 00:00 0 
7f9dc5260000-7f9dc5261000 ---p 00000000 00:00 0 
7f9dc5261000-7f9dc5362000 rw-p 00000000 00:00 0 
7f9dc5362000-7f9dc5363000 ---p 00000000 00:00 0 
7f9dc5363000-7f9dc5464000 rw-p 00000000 00:00 0 
7f9dc5464000-7f9dc5465000 ---p 00000000 00:00 0 
7f9dc5465000-7f9dc5566000 rw-p 00000000 00:00 0 
7f9dc5566000-7f9dc5567000 ---p 00000000 00:00 0 
7f9dc5567000-7f9dc5668000 rw-p 00000000 00:00 0 
7f9dc5668000-7f9dc5669000 ---p 00000000 00:00 0 
7f9dc5669000-7f9dc576a000 rw-p 00000000 00:00 0 
7f9dc576a000-7f9dc576b000 ---p 00000000 00:00 0 
7f9dc576b000-7f9dc586c000 rw-p 00000000 00:00 0 
7f9dc586c000-7f9dc586d000 ---p 00000000 00:00 0 
7f9dc586d000-7f9dc5973000 rw-p 00000000 00:00 0 
7f9dc5973000-7f9dc5a56000 ---p 00000000 00:00 0 
7f9dc5a56000-7f9dc5a5b000 rw-p 00000000 00:00 0 
7f9dc5a5b000-7f9dc5b3e000 ---p 00000000 00:00 0 
7f9dc5b3e000-7f9dc5b43000 r-xp 00000000 08:22 3671270                    /usr/lib/jvm/java-11-openjdk-amd64/lib/libjimage.so
7f9dc5b43000-7f9dc5d42000 ---p 00005000 08:22 3671270                    /usr/lib/jvm/java-11-openjdk-amd64/lib/libjimage.so
7f9dc5d42000-7f9dc5d43000 r--p 00004000 08:22 3671270                    /usr/lib/jvm/java-11-openjdk-amd64/lib/libjimage.so
7f9dc5d43000-7f9dc5d44000 rw-p 00005000 08:22 3671270                    /usr/lib/jvm/java-11-openjdk-amd64/lib/libjimage.so
7f9dc5d44000-7f9dc5d4b000 r-xp 00000000 08:22 3671287                    /usr/lib/jvm/java-11-openjdk-amd64/lib/libzip.so
7f9dc5d4b000-7f9dc5f4a000 ---p 00007000 08:22 3671287                    /usr/lib/jvm/java-11-openjdk-amd64/lib/libzip.so
7f9dc5f4a000-7f9dc5f4b000 r--p 00006000 08:22 3671287                    /usr/lib/jvm/java-11-openjdk-amd64/lib/libzip.so
7f9dc5f4b000-7f9dc5f4c000 rw-p 00007000 08:22 3671287                    /usr/lib/jvm/java-11-openjdk-amd64/lib/libzip.so
7f9dc5f4c000-7f9dc5f57000 r-xp 00000000 08:22 7344813                    /lib/x86_64-linux-gnu/libnss_files-2.27.so
7f9dc5f57000-7f9dc6156000 ---p 0000b000 08:22 7344813                    /lib/x86_64-linux-gnu/libnss_files-2.27.so
7f9dc6156000-7f9dc6157000 r--p 0000a000 08:22 7344813                    /lib/x86_64-linux-gnu/libnss_files-2.27.so
7f9dc6157000-7f9dc6158000 rw-p 0000b000 08:22 7344813                    /lib/x86_64-linux-gnu/libnss_files-2.27.so
7f9dc6158000-7f9dc615e000 rw-p 00000000 00:00 0 
7f9dc615e000-7f9dc6175000 r-xp 00000000 08:22 7344810                    /lib/x86_64-linux-gnu/libnsl-2.27.so
7f9dc6175000-7f9dc6374000 ---p 00017000 08:22 7344810                    /lib/x86_64-linux-gnu/libnsl-2.27.so
7f9dc6374000-7f9dc6375000 r--p 00016000 08:22 7344810                    /lib/x86_64-linux-gnu/libnsl-2.27.so
7f9dc6375000-7f9dc6376000 rw-p 00017000 08:22 7344810                    /lib/x86_64-linux-gnu/libnsl-2.27.so
7f9dc6376000-7f9dc6378000 rw-p 00000000 00:00 0 
7f9dc6378000-7f9dc6383000 r-xp 00000000 08:22 7344815                    /lib/x86_64-linux-gnu/libnss_nis-2.27.so
7f9dc6383000-7f9dc6582000 ---p 0000b000 08:22 7344815                    /lib/x86_64-linux-gnu/libnss_nis-2.27.so
7f9dc6582000-7f9dc6583000 r--p 0000a000 08:22 7344815                    /lib/x86_64-linux-gnu/libnss_nis-2.27.so
7f9dc6583000-7f9dc6584000 rw-p 0000b000 08:22 7344815                    /lib/x86_64-linux-gnu/libnss_nis-2.27.so
7f9dc6584000-7f9dc658c000 r-xp 00000000 08:22 7344811                    /lib/x86_64-linux-gnu/libnss_compat-2.27.so
7f9dc658c000-7f9dc678c000 ---p 00008000 08:22 7344811                    /lib/x86_64-linux-gnu/libnss_compat-2.27.so
7f9dc678c000-7f9dc678d000 r--p 00008000 08:22 7344811                    /lib/x86_64-linux-gnu/libnss_compat-2.27.so
7f9dc678d000-7f9dc678e000 rw-p 00009000 08:22 7344811                    /lib/x86_64-linux-gnu/libnss_compat-2.27.so
7f9dc678e000-7f9dc67ba000 r-xp 00000000 08:22 3671266                    /usr/lib/jvm/java-11-openjdk-amd64/lib/libjava.so
7f9dc67ba000-7f9dc69b9000 ---p 0002c000 08:22 3671266                    /usr/lib/jvm/java-11-openjdk-amd64/lib/libjava.so
7f9dc69b9000-7f9dc69ba000 r--p 0002b000 08:22 3671266                    /usr/lib/jvm/java-11-openjdk-amd64/lib/libjava.so
7f9dc69ba000-7f9dc69bc000 rw-p 0002c000 08:22 3671266                    /usr/lib/jvm/java-11-openjdk-amd64/lib/libjava.so
7f9dc69bc000-7f9dc69c9000 r-xp 00000000 08:22 3671286                    /usr/lib/jvm/java-11-openjdk-amd64/lib/libverify.so
7f9dc69c9000-7f9dc6bc8000 ---p 0000d000 08:22 3671286                    /usr/lib/jvm/java-11-openjdk-amd64/lib/libverify.so
7f9dc6bc8000-7f9dc6bca000 r--p 0000c000 08:22 3671286                    /usr/lib/jvm/java-11-openjdk-amd64/lib/libverify.so
7f9dc6bca000-7f9dc6bcb000 rw-p 0000e000 08:22 3671286                    /usr/lib/jvm/java-11-openjdk-amd64/lib/libverify.so
7f9dc6bcb000-7f9dc6bd2000 r-xp 00000000 08:22 7344835                    /lib/x86_64-linux-gnu/librt-2.27.so
7f9dc6bd2000-7f9dc6dd1000 ---p 00007000 08:22 7344835                    /lib/x86_64-linux-gnu/librt-2.27.so
7f9dc6dd1000-7f9dc6dd2000 r--p 00006000 08:22 7344835                    /lib/x86_64-linux-gnu/librt-2.27.so
7f9dc6dd2000-7f9dc6dd3000 rw-p 00007000 08:22 7344835                    /lib/x86_64-linux-gnu/librt-2.27.so
7f9dc6dd3000-7f9dc6dea000 r-xp 00000000 08:22 7345415                    /lib/x86_64-linux-gnu/libgcc_s.so.1
7f9dc6dea000-7f9dc6fe9000 ---p 00017000 08:22 7345415                    /lib/x86_64-linux-gnu/libgcc_s.so.1
7f9dc6fe9000-7f9dc6fea000 r--p 00016000 08:22 7345415                    /lib/x86_64-linux-gnu/libgcc_s.so.1
7f9dc6fea000-7f9dc6feb000 rw-p 00017000 08:22 7345415                    /lib/x86_64-linux-gnu/libgcc_s.so.1
7f9dc6feb000-7f9dc7188000 r-xp 00000000 08:22 7344799                    /lib/x86_64-linux-gnu/libm-2.27.so
7f9dc7188000-7f9dc7387000 ---p 0019d000 08:22 7344799                    /lib/x86_64-linux-gnu/libm-2.27.so
7f9dc7387000-7f9dc7388000 r--p 0019c000 08:22 7344799                    /lib/x86_64-linux-gnu/libm-2.27.so
7f9dc7388000-7f9dc7389000 rw-p 0019d000 08:22 7344799                    /lib/x86_64-linux-gnu/libm-2.27.so
7f9dc7389000-7f9dc7502000 r-xp 00000000 08:22 6815971                    /usr/lib/x86_64-linux-gnu/libstdc++.so.6.0.25
7f9dc7502000-7f9dc7702000 ---p 00179000 08:22 6815971                    /usr/lib/x86_64-linux-gnu/libstdc++.so.6.0.25
7f9dc7702000-7f9dc770c000 r--p 00179000 08:22 6815971                    /usr/lib/x86_64-linux-gnu/libstdc++.so.6.0.25
7f9dc770c000-7f9dc770e000 rw-p 00183000 08:22 6815971                    /usr/lib/x86_64-linux-gnu/libstdc++.so.6.0.25
7f9dc770e000-7f9dc7712000 rw-p 00000000 00:00 0 
7f9dc7712000-7f9dc86af000 r-xp 00000000 08:22 3671293                    /usr/lib/jvm/java-11-openjdk-amd64/lib/server/libjvm.so
7f9dc86af000-7f9dc88af000 ---p 00f9d000 08:22 3671293                    /usr/lib/jvm/java-11-openjdk-amd64/lib/server/libjvm.so
7f9dc88af000-7f9dc8973000 r--p 00f9d000 08:22 3671293                    /usr/lib/jvm/java-11-openjdk-amd64/lib/server/libjvm.so
7f9dc8973000-7f9dc89ab000 rw-p 01061000 08:22 3671293                    /usr/lib/jvm/java-11-openjdk-amd64/lib/server/libjvm.so
7f9dc89ab000-7f9dc89f4000 rw-p 00000000 00:00 0 
7f9dc89f4000-7f9dc8a0e000 r-xp 00000000 08:22 7344831                    /lib/x86_64-linux-gnu/libpthread-2.27.so
7f9dc8a0e000-7f9dc8c0d000 ---p 0001a000 08:22 7344831                    /lib/x86_64-linux-gnu/libpthread-2.27.so
7f9dc8c0d000-7f9dc8c0e000 r--p 00019000 08:22 7344831                    /lib/x86_64-linux-gnu/libpthread-2.27.so
7f9dc8c0e000-7f9dc8c0f000 rw-p 0001a000 08:22 7344831                    /lib/x86_64-linux-gnu/libpthread-2.27.so
7f9dc8c0f000-7f9dc8c13000 rw-p 00000000 00:00 0 
7f9dc8c13000-7f9dc8c16000 r-xp 00000000 08:22 7344777                    /lib/x86_64-linux-gnu/libdl-2.27.so
7f9dc8c16000-7f9dc8e15000 ---p 00003000 08:22 7344777                    /lib/x86_64-linux-gnu/libdl-2.27.so
7f9dc8e15000-7f9dc8e16000 r--p 00002000 08:22 7344777                    /lib/x86_64-linux-gnu/libdl-2.27.so
7f9dc8e16000-7f9dc8e17000 rw-p 00003000 08:22 7344777                    /lib/x86_64-linux-gnu/libdl-2.27.so
7f9dc8e17000-7f9dc8e33000 r-xp 00000000 08:22 7344851                    /lib/x86_64-linux-gnu/libz.so.1.2.11
7f9dc8e33000-7f9dc9032000 ---p 0001c000 08:22 7344851                    /lib/x86_64-linux-gnu/libz.so.1.2.11
7f9dc9032000-7f9dc9033000 r--p 0001b000 08:22 7344851                    /lib/x86_64-linux-gnu/libz.so.1.2.11
7f9dc9033000-7f9dc9034000 rw-p 0001c000 08:22 7344851                    /lib/x86_64-linux-gnu/libz.so.1.2.11
7f9dc9034000-7f9dc921b000 r-xp 00000000 08:22 7344766                    /lib/x86_64-linux-gnu/libc-2.27.so
7f9dc921b000-7f9dc941b000 ---p 001e7000 08:22 7344766                    /lib/x86_64-linux-gnu/libc-2.27.so
7f9dc941b000-7f9dc941f000 r--p 001e7000 08:22 7344766                    /lib/x86_64-linux-gnu/libc-2.27.so
7f9dc941f000-7f9dc9421000 rw-p 001eb000 08:22 7344766                    /lib/x86_64-linux-gnu/libc-2.27.so
7f9dc9421000-7f9dc9425000 rw-p 00000000 00:00 0 
7f9dc9425000-7f9dc9434000 r-xp 00000000 08:22 3671251                    /usr/lib/jvm/java-11-openjdk-amd64/lib/jli/libjli.so
7f9dc9434000-7f9dc9633000 ---p 0000f000 08:22 3671251                    /usr/lib/jvm/java-11-openjdk-amd64/lib/jli/libjli.so
7f9dc9633000-7f9dc9634000 r--p 0000e000 08:22 3671251                    /usr/lib/jvm/java-11-openjdk-amd64/lib/jli/libjli.so
7f9dc9634000-7f9dc9635000 rw-p 0000f000 08:22 3671251                    /usr/lib/jvm/java-11-openjdk-amd64/lib/jli/libjli.so
7f9dc9635000-7f9dc965c000 r-xp 00000000 08:22 7344754                    /lib/x86_64-linux-gnu/ld-2.27.so
7f9dc972f000-7f9dc9734000 rw-p 00000000 00:00 0 
7f9dc9734000-7f9dc9740000 ---p 00000000 00:00 0 
7f9dc9740000-7f9dc9744000 ---p 00000000 00:00 0 
7f9dc9744000-7f9dc9846000 rw-p 00000000 00:00 0 
7f9dc984f000-7f9dc9850000 rw-p 00000000 00:00 0 
7f9dc9850000-7f9dc9858000 rw-s 00000000 08:22 12586526                   /tmp/hsperfdata_zpeng/19455
7f9dc9858000-7f9dc9859000 ---p 00000000 00:00 0 
7f9dc9859000-7f9dc985a000 r--p 00000000 00:00 0 
7f9dc985a000-7f9dc985c000 rw-p 00000000 00:00 0 
7f9dc985c000-7f9dc985d000 r--p 00027000 08:22 7344754                    /lib/x86_64-linux-gnu/ld-2.27.so
7f9dc985d000-7f9dc985e000 rw-p 00028000 08:22 7344754                    /lib/x86_64-linux-gnu/ld-2.27.so
7f9dc985e000-7f9dc985f000 rw-p 00000000 00:00 0 
7ffdf4997000-7ffdf49ba000 rw-p 00000000 00:00 0                          [stack]
7ffdf49d0000-7ffdf49d3000 r--p 00000000 00:00 0                          [vvar]
7ffdf49d3000-7ffdf49d5000 r-xp 00000000 00:00 0                          [vdso]
ffffffffff600000-ffffffffff601000 r-xp 00000000 00:00 0                  [vsyscall]


VM Arguments:
java_command: <unknown>
java_class_path (initial): /opt/intel//compilers_and_libraries_2019.1.144/linux/mpi/intel64/lib/mpi.jar:/opt/intel/compilers_and_libraries_2019.1.144/linux/daal/lib/daal.jar:/opt/intel//compilers_and_libraries_2019.1.144/linux/mpi/intel64/lib/mpi.jar:/opt/intel/compilers_and_libraries_2019.1.144/linux/daal/lib/daal.jar
Launcher Type: SUN_STANDARD

Logging:
Log output configuration:
#0: stdout all=warning uptime,level,tags
#1: stderr all=off uptime,level,tags

Environment Variables:
CLASSPATH=/opt/intel//compilers_and_libraries_2019.1.144/linux/mpi/intel64/lib/mpi.jar:/opt/intel/compilers_and_libraries_2019.1.144/linux/daal/lib/daal.jar:/opt/intel//compilers_and_libraries_2019.1.144/linux/mpi/intel64/lib/mpi.jar:/opt/intel/compilers_and_libraries_2019.1.144/linux/daal/lib/daal.jar
PATH=/opt/intel/vtune_amplifier_2019.1.0.579888/bin64:/opt/intel/compilers_and_libraries_2019.1.144/linux/bin/intel64:/opt/intel//compilers_and_libraries_2019.1.144/linux/mpi/intel64/libfabric/bin:/opt/intel//compilers_and_libraries_2019.1.144/linux/mpi/intel64/bin:/opt/intel/vtune_amplifier_2019.1.0.579888/bin64:/opt/intel/compilers_and_libraries_2019.1.144/linux/bin/intel64:/opt/intel//compilers_and_libraries_2019.1.144/linux/mpi/intel64/libfabric/bin:/opt/intel//compilers_and_libraries_2019.1.144/linux/mpi/intel64/bin:/opt/intel/debugger_2019/gdb/intel64/bin:/usr/local/sbin:/usr/local/bin:/usr/sbin:/usr/bin:/sbin:/bin:/usr/games:/usr/local/games:/snap/bin:/home/zpeng/.linuxbrew/bin:/home/zpeng/.linuxbrew/bin:/home/zpeng/apps/bin:/home/zpeng/.linuxbrew/bin:/home/zpeng/apps/bin
LD_LIBRARY_PATH=/opt/intel/compilers_and_libraries_2019.1.144/linux/compiler/lib/intel64_lin:/opt/intel//compilers_and_libraries_2019.1.144/linux/mpi/intel64/libfabric/lib:/opt/intel//compilers_and_libraries_2019.1.144/linux/mpi/intel64/lib/release:/opt/intel//compilers_and_libraries_2019.1.144/linux/mpi/intel64/lib:/opt/intel/compilers_and_libraries_2019.1.144/linux/ipp/lib/intel64:/opt/intel/compilers_and_libraries_2019.1.144/linux/compiler/lib/intel64_lin:/opt/intel/compilers_and_libraries_2019.1.144/linux/mkl/lib/intel64_lin:/opt/intel/compilers_and_libraries_2019.1.144/linux/tbb/lib/intel64/gcc4.7:/opt/intel/compilers_and_libraries_2019.1.144/linux/tbb/lib/intel64/gcc4.7:/opt/intel/compilers_and_libraries_2019.1.144/linux/daal/lib/intel64_lin:/opt/intel/compilers_and_libraries_2019.1.144/linux/compiler/lib/intel64_lin:/opt/intel//compilers_and_libraries_2019.1.144/linux/mpi/intel64/libfabric/lib:/opt/intel//compilers_and_libraries_2019.1.144/linux/mpi/intel64/lib/release:/opt/intel//compilers_and_libraries_2019.1.144/linux/mpi/intel64/lib:/opt/intel/compilers_and_libraries_2019.1.144/linux/ipp/lib/intel64:/opt/intel/compilers_and_libraries_2019.1.144/linux/compiler/lib/intel64_lin:/opt/intel/compilers_and_libraries_2019.1.144/linux/mkl/lib/intel64_lin:/opt/intel/compilers_and_libraries_2019.1.144/linux/tbb/lib/intel64/gcc4.7:/opt/intel/compilers_and_libraries_2019.1.144/linux/tbb/lib/intel64/gcc4.7:/opt/intel/debugger_2019/libipt/intel64/lib:/opt/intel/compilers_and_libraries_2019.1.144/linux/daal/lib/intel64_lin:/opt/intel/compilers_and_libraries_2019.1.144/linux/daal/../tbb/lib/intel64_lin/gcc4.4
SHELL=/home/zpeng/.linuxbrew/bin/zsh
DISPLAY=localhost:10.0

Signal Handlers:
SIGSEGV: [libjvm.so+0xd28b70], sa_mask[0]=11111111011111111101111111111110, sa_flags=SA_RESTART|SA_SIGINFO
SIGBUS: [libjvm.so+0xd28b70], sa_mask[0]=11111111011111111101111111111110, sa_flags=SA_RESTART|SA_SIGINFO
SIGFPE: [libjvm.so+0xd28b70], sa_mask[0]=11111111011111111101111111111110, sa_flags=SA_RESTART|SA_SIGINFO
SIGPIPE: [libjvm.so+0xb2a1f0], sa_mask[0]=11111111011111111101111111111110, sa_flags=SA_RESTART|SA_SIGINFO
SIGXFSZ: [libjvm.so+0xb2a1f0], sa_mask[0]=11111111011111111101111111111110, sa_flags=SA_RESTART|SA_SIGINFO
SIGILL: [libjvm.so+0xd28b70], sa_mask[0]=11111111011111111101111111111110, sa_flags=SA_RESTART|SA_SIGINFO
SIGUSR2: [libjvm.so+0xb2a030], sa_mask[0]=00000000000000000000000000000000, sa_flags=SA_RESTART|SA_SIGINFO
SIGHUP: SIG_DFL, sa_mask[0]=00000000000000000000000000000000, sa_flags=none
SIGINT: SIG_DFL, sa_mask[0]=00000000000000000000000000000000, sa_flags=none
SIGTERM: SIG_DFL, sa_mask[0]=00000000000000000000000000000000, sa_flags=none
SIGQUIT: SIG_DFL, sa_mask[0]=00000000000000000000000000000000, sa_flags=none


---------------  S Y S T E M  ---------------

OS:DISTRIB_ID=Ubuntu
DISTRIB_RELEASE=18.04
DISTRIB_CODENAME=bionic
DISTRIB_DESCRIPTION="Ubuntu 18.04.1 LTS"
uname:Linux 4.15.0-45-generic #48-Ubuntu SMP Tue Jan 29 16:28:13 UTC 2019 x86_64
libc:glibc 2.27 NPTL 2.27 
rlimit: STACK 8192k, CORE 0k, NPROC 767459, NOFILE 1048576, AS infinity, DATA infinity, FSIZE infinity
load average:1.95 1.95 1.92

/proc/meminfo:
MemTotal:       196723672 kB
MemFree:         1028344 kB
MemAvailable:     264104 kB
Buffers:           31108 kB
Cached:            59692 kB
SwapCached:        15156 kB
Active:         189349520 kB
Inactive:        4808412 kB
Active(anon):   189315080 kB
Inactive(anon):  4755204 kB
Active(file):      34440 kB
Inactive(file):    53208 kB
Unevictable:           0 kB
Mlocked:               0 kB
SwapTotal:       8388604 kB
SwapFree:           6020 kB
Dirty:               220 kB
Writeback:             0 kB
AnonPages:      194052116 kB
Mapped:            35852 kB
Shmem:              2264 kB
Slab:             438444 kB
SReclaimable:     132088 kB
SUnreclaim:       306356 kB
KernelStack:       15808 kB
PageTables:       420560 kB
NFS_Unstable:          0 kB
Bounce:                0 kB
WritebackTmp:          0 kB
CommitLimit:    106750440 kB
Committed_AS:   194764916 kB
VmallocTotal:   34359738367 kB
VmallocUsed:           0 kB
VmallocChunk:          0 kB
HardwareCorrupted:     0 kB
AnonHugePages:         0 kB
ShmemHugePages:        0 kB
ShmemPmdMapped:        0 kB
CmaTotal:              0 kB
CmaFree:               0 kB
HugePages_Total:       0
HugePages_Free:        0
HugePages_Rsvd:        0
HugePages_Surp:        0
Hugepagesize:       2048 kB
DirectMap4k:      318272 kB
DirectMap2M:     7745536 kB
DirectMap1G:    193986560 kB

container (cgroup) information:
container_type: cgroupv1
cpu_cpuset_cpus: 0-79
cpu_memory_nodes: 0-1
active_processor_count: 80
cpu_quota: -1
cpu_period: 100000
cpu_shares: -1
memory_limit_in_bytes: -1
memory_and_swap_limit_in_bytes: -2
memory_soft_limit_in_bytes: -1
memory_usage_in_bytes: 199251263488
memory_max_usage_in_bytes: 199824777216


CPU:total 80 (initial active 80) (20 cores per cpu, 2 threads per core) family 6 model 85 stepping 4, cmov, cx8, fxsr, mmx, sse, sse2, sse3, ssse3, sse4.1, sse4.2, popcnt, avx, avx2, aes, clmul, erms, rtm, 3dnowpref, lzcnt, ht, tsc, tscinvbit, bmi1, bmi2, adx, evex, fma
CPU Model and flags from /proc/cpuinfo:
model name	: Intel(R) Xeon(R) Gold 6138 CPU @ 2.00GHz
flags		: fpu vme de pse tsc msr pae mce cx8 apic sep mtrr pge mca cmov pat pse36 clflush dts acpi mmx fxsr sse sse2 ss ht tm pbe syscall nx pdpe1gb rdtscp lm constant_tsc art arch_perfmon pebs bts rep_good nopl xtopology nonstop_tsc cpuid aperfmperf pni pclmulqdq dtes64 monitor ds_cpl vmx smx est tm2 ssse3 sdbg fma cx16 xtpr pdcm pcid dca sse4_1 sse4_2 x2apic movbe popcnt tsc_deadline_timer aes xsave avx f16c rdrand lahf_lm abm 3dnowprefetch cpuid_fault epb cat_l3 cdp_l3 invpcid_single pti intel_ppin ssbd mba ibrs ibpb stibp tpr_shadow vnmi flexpriority ept vpid fsgsbase tsc_adjust bmi1 hle avx2 smep bmi2 erms invpcid rtm cqm mpx rdt_a avx512f avx512dq rdseed adx smap clflushopt clwb intel_pt avx512cd avx512bw avx512vl xsaveopt xsavec xgetbv1 xsaves cqm_llc cqm_occup_llc cqm_mbm_total cqm_mbm_local dtherm ida arat pln pts pku ospke flush_l1d

Memory: 4k page, physical 196723672k(1028344k free), swap 8388604k(6020k free)

vm_info: OpenJDK 64-Bit Server VM (10.0.2+13-Ubuntu-1ubuntu0.18.04.4) for linux-amd64 JRE (10.0.2+13-Ubuntu-1ubuntu0.18.04.4), built on Nov 13 2018 12:53:39 by "buildd" with gcc 7.3.0

END.
