#
# There is insufficient memory for the Java Runtime Environment to continue.
# Native memory allocation (mmap) failed to map 2147483648 bytes for committing reserved memory.
# Possible reasons:
#   The system is out of physical RAM or swap space
#   The process is running with CompressedOops enabled, and the Java Heap may be blocking the growth of the native heap
# Possible solutions:
#   Reduce memory load on the system
#   Increase physical memory or swap space
#   Check if swap backing store is full
#   Decrease Java heap size (-Xmx/-Xms)
#   Decrease number of Java threads
#   Decrease Java thread stack sizes (-Xss)
#   Set larger code cache with -XX:ReservedCodeCacheSize=
# This output file may be truncated or incomplete.
#
#  Out of Memory Error (os_linux.cpp:2706), pid=20819, tid=20834
#
# JRE version:  (10.0.2+13) (build )
# Java VM: OpenJDK 64-Bit Server VM (10.0.2+13-Ubuntu-1ubuntu0.18.04.4, mixed mode, aot, tiered, compressed oops, g1 gc, linux-amd64)
# Core dump will be written. Default location: Core dumps may be processed with "/usr/share/apport/apport %p %s %c %d %P" (or dumping to /home/zpeng/pppp/pado/includes/core.20819)
#

---------------  S U M M A R Y ------------

Command Line: 

Host: Intel(R) Xeon(R) Gold 6138 CPU @ 2.00GHz, 80 cores, 187G, Ubuntu 18.04.1 LTS
Time: Fri Feb  1 10:43:36 2019 EST elapsed time: 0 seconds (0d 0h 0m 0s)

---------------  T H R E A D  ---------------

Current thread (0x00007ffbdc012000):  JavaThread "Unknown thread" [_thread_in_vm, id=20834, stack(0x00007ffbe3339000,0x00007ffbe343a000)]

Stack: [0x00007ffbe3339000,0x00007ffbe343a000],  sp=0x00007ffbe34382e0,  free space=1020k
Native frames: (J=compiled Java code, A=aot compiled Java code, j=interpreted, Vv=VM code, C=native code)
V  [libjvm.so+0xd27ea4]
V  [libjvm.so+0xd28a4b]
V  [libjvm.so+0x64d415]
V  [libjvm.so+0xb2d7c8]
V  [libjvm.so+0xb2601d]
V  [libjvm.so+0x7662ff]
V  [libjvm.so+0x76653e]
V  [libjvm.so+0x769500]
V  [libjvm.so+0x7efa1c]
V  [libjvm.so+0x7f06df]
V  [libjvm.so+0x7f0b59]
V  [libjvm.so+0x7162cf]
V  [libjvm.so+0x71afd3]
V  [libjvm.so+0xce5dc2]
V  [libjvm.so+0xce60c6]
V  [libjvm.so+0x807d57]
V  [libjvm.so+0xcc7ac4]
V  [libjvm.so+0x8601b1]  JNI_CreateJavaVM+0x51
C  [libjli.so+0x3d83]
C  [libjli.so+0x89dd]
C  [libpthread.so.0+0x76db]  start_thread+0xdb


---------------  P R O C E S S  ---------------

Threads class SMR info:
_java_thread_list=0x0000562b0d3b5570, length=0, elements={
}

Java Threads: ( => current thread )

Other Threads:
  0x00007ffbdc02d000 GCTaskThread "GC Thread#0" [stack: 0x00007ffbc2ef7000,0x00007ffbc2ff7000] [id=20839]
  0x00007ffbdc02e800 GCTaskThread "GC Thread#1" [stack: 0x00007ffbc2df5000,0x00007ffbc2ef5000] [id=20840]
  0x00007ffbdc030800 GCTaskThread "GC Thread#2" [stack: 0x00007ffbc2cf3000,0x00007ffbc2df3000] [id=20841]
  0x00007ffbdc032000 GCTaskThread "GC Thread#3" [stack: 0x00007ffbc2bf1000,0x00007ffbc2cf1000] [id=20842]
  0x00007ffbdc034000 GCTaskThread "GC Thread#4" [stack: 0x00007ffbc2aef000,0x00007ffbc2bef000] [id=20843]
  0x00007ffbdc035800 GCTaskThread "GC Thread#5" [stack: 0x00007ffbc29ed000,0x00007ffbc2aed000] [id=20844]
  0x00007ffbdc037000 GCTaskThread "GC Thread#6" [stack: 0x00007ffbc28eb000,0x00007ffbc29eb000] [id=20845]
  0x00007ffbdc039000 GCTaskThread "GC Thread#7" [stack: 0x00007ffbc27e9000,0x00007ffbc28e9000] [id=20846]
  0x00007ffbdc03a800 GCTaskThread "GC Thread#8" [stack: 0x00007ffbc26e7000,0x00007ffbc27e7000] [id=20847]
  0x00007ffbdc03c800 GCTaskThread "GC Thread#9" [stack: 0x00007ffbc25e5000,0x00007ffbc26e5000] [id=20849]
  0x00007ffbdc03e000 GCTaskThread "GC Thread#10" [stack: 0x00007ffbc24e3000,0x00007ffbc25e3000] [id=20850]
  0x00007ffbdc03f800 GCTaskThread "GC Thread#11" [stack: 0x00007ffbc23e1000,0x00007ffbc24e1000] [id=20851]
  0x00007ffbdc041800 GCTaskThread "GC Thread#12" [stack: 0x00007ffbc22df000,0x00007ffbc23df000] [id=20852]
  0x00007ffbdc043000 GCTaskThread "GC Thread#13" [stack: 0x00007ffbc21dd000,0x00007ffbc22dd000] [id=20854]
  0x00007ffbdc045000 GCTaskThread "GC Thread#14" [stack: 0x00007ffbc20db000,0x00007ffbc21db000] [id=20855]
  0x00007ffbdc046800 GCTaskThread "GC Thread#15" [stack: 0x00007ffbc1fd9000,0x00007ffbc20d9000] [id=20856]
  0x00007ffbdc048000 GCTaskThread "GC Thread#16" [stack: 0x00007ffbc1ed7000,0x00007ffbc1fd7000] [id=20857]
  0x00007ffbdc04a000 GCTaskThread "GC Thread#17" [stack: 0x00007ffbc1dd5000,0x00007ffbc1ed5000] [id=20858]
  0x00007ffbdc04b800 GCTaskThread "GC Thread#18" [stack: 0x00007ffbc1cd3000,0x00007ffbc1dd3000] [id=20859]
  0x00007ffbdc04d800 GCTaskThread "GC Thread#19" [stack: 0x00007ffbc1bd1000,0x00007ffbc1cd1000] [id=20860]
  0x00007ffbdc04f000 GCTaskThread "GC Thread#20" [stack: 0x00007ffbc1acf000,0x00007ffbc1bcf000] [id=20861]
  0x00007ffbdc050800 GCTaskThread "GC Thread#21" [stack: 0x00007ffbc19cd000,0x00007ffbc1acd000] [id=20862]
  0x00007ffbdc052800 GCTaskThread "GC Thread#22" [stack: 0x00007ffbc18cb000,0x00007ffbc19cb000] [id=20863]
  0x00007ffbdc054000 GCTaskThread "GC Thread#23" [stack: 0x00007ffbc17c9000,0x00007ffbc18c9000] [id=20864]
  0x00007ffbdc056000 GCTaskThread "GC Thread#24" [stack: 0x00007ffbc16c7000,0x00007ffbc17c7000] [id=20865]
  0x00007ffbdc057800 GCTaskThread "GC Thread#25" [stack: 0x00007ffbc15c5000,0x00007ffbc16c5000] [id=20866]
  0x00007ffbdc059000 GCTaskThread "GC Thread#26" [stack: 0x00007ffbc14c3000,0x00007ffbc15c3000] [id=20867]
  0x00007ffbdc05b000 GCTaskThread "GC Thread#27" [stack: 0x00007ffbc13c1000,0x00007ffbc14c1000] [id=20868]
  0x00007ffbdc05c800 GCTaskThread "GC Thread#28" [stack: 0x00007ffbc12bf000,0x00007ffbc13bf000] [id=20869]
  0x00007ffbdc05e800 GCTaskThread "GC Thread#29" [stack: 0x00007ffbc11bd000,0x00007ffbc12bd000] [id=20871]
  0x00007ffbdc060000 GCTaskThread "GC Thread#30" [stack: 0x00007ffbc10bb000,0x00007ffbc11bb000] [id=20872]
  0x00007ffbdc061800 GCTaskThread "GC Thread#31" [stack: 0x00007ffbc0fb9000,0x00007ffbc10b9000] [id=20873]
  0x00007ffbdc063800 GCTaskThread "GC Thread#32" [stack: 0x00007ffbc0eb7000,0x00007ffbc0fb7000] [id=20874]
  0x00007ffbdc065000 GCTaskThread "GC Thread#33" [stack: 0x00007ffbc0db5000,0x00007ffbc0eb5000] [id=20875]
  0x00007ffbdc067000 GCTaskThread "GC Thread#34" [stack: 0x00007ffbc0cb3000,0x00007ffbc0db3000] [id=20876]
  0x00007ffbdc068800 GCTaskThread "GC Thread#35" [stack: 0x00007ffbc0bb1000,0x00007ffbc0cb1000] [id=20877]
  0x00007ffbdc06a800 GCTaskThread "GC Thread#36" [stack: 0x00007ffbc0aaf000,0x00007ffbc0baf000] [id=20879]
  0x00007ffbdc06c000 GCTaskThread "GC Thread#37" [stack: 0x00007ffbc09ad000,0x00007ffbc0aad000] [id=20880]
  0x00007ffbdc06d800 GCTaskThread "GC Thread#38" [stack: 0x00007ffbc08ab000,0x00007ffbc09ab000] [id=20881]
  0x00007ffbdc06f800 GCTaskThread "GC Thread#39" [stack: 0x00007ffbc07a9000,0x00007ffbc08a9000] [id=20882]
  0x00007ffbdc071000 GCTaskThread "GC Thread#40" [stack: 0x00007ffbc06a7000,0x00007ffbc07a7000] [id=20883]
  0x00007ffbdc073000 GCTaskThread "GC Thread#41" [stack: 0x00007ffbc05a5000,0x00007ffbc06a5000] [id=20884]
  0x00007ffbdc074800 GCTaskThread "GC Thread#42" [stack: 0x00007ffbc04a3000,0x00007ffbc05a3000] [id=20885]
  0x00007ffbdc076000 GCTaskThread "GC Thread#43" [stack: 0x00007ffbc03a1000,0x00007ffbc04a1000] [id=20887]
  0x00007ffbdc078000 GCTaskThread "GC Thread#44" [stack: 0x00007ffbc029f000,0x00007ffbc039f000] [id=20888]
  0x00007ffbdc079800 GCTaskThread "GC Thread#45" [stack: 0x00007ffbc019d000,0x00007ffbc029d000] [id=20889]
  0x00007ffbdc07b800 GCTaskThread "GC Thread#46" [stack: 0x00007ffbc009b000,0x00007ffbc019b000] [id=20890]
  0x00007ffbdc07d000 GCTaskThread "GC Thread#47" [stack: 0x00007ffb03f00000,0x00007ffb04000000] [id=20891]
  0x00007ffbdc07e800 GCTaskThread "GC Thread#48" [stack: 0x00007ffb03dfe000,0x00007ffb03efe000] [id=20892]
  0x00007ffbdc080800 GCTaskThread "GC Thread#49" [stack: 0x00007ffb03cfc000,0x00007ffb03dfc000] [id=20894]
  0x00007ffbdc082000 GCTaskThread "GC Thread#50" [stack: 0x00007ffb03bfa000,0x00007ffb03cfa000] [id=20895]
  0x00007ffbdc084000 GCTaskThread "GC Thread#51" [stack: 0x00007ffb03af8000,0x00007ffb03bf8000] [id=20896]
  0x00007ffbdc085800 GCTaskThread "GC Thread#52" [stack: 0x00007ffb039f6000,0x00007ffb03af6000] [id=20897]
  0x00007ffbdc0d9000 ConcurrentGCThread "G1 Main Marker" [stack: 0x00007ffb002cf000,0x00007ffb003cf000] [id=20906]
  0x00007ffbdc0da800 ConcurrentGCThread "G1 Conc#0" [stack: 0x00007ffb001cd000,0x00007ffb002cd000] [id=20907]
  0x00007ffbdc0dc800 ConcurrentGCThread "G1 Conc#1" [stack: 0x00007ffb000cb000,0x00007ffb001cb000] [id=20908]
  0x00007ffbdc0de000 ConcurrentGCThread "G1 Conc#2" [stack: 0x00007ffae8310000,0x00007ffae8410000] [id=20910]
  0x00007ffbdc0df800 ConcurrentGCThread "G1 Conc#3" [stack: 0x00007ffae820e000,0x00007ffae830e000] [id=20911]
  0x00007ffbdc0e1800 ConcurrentGCThread "G1 Conc#4" [stack: 0x00007ffae810c000,0x00007ffae820c000] [id=20912]
  0x00007ffbdc0e3000 ConcurrentGCThread "G1 Conc#5" [stack: 0x00007ffae800a000,0x00007ffae810a000] [id=20913]
  0x00007ffbdc0e5000 ConcurrentGCThread "G1 Conc#6" [stack: 0x00007ffa9fbe4000,0x00007ffa9fce4000] [id=20914]
  0x00007ffbdc0e6800 ConcurrentGCThread "G1 Conc#7" [stack: 0x00007ffa9fae2000,0x00007ffa9fbe2000] [id=20915]
  0x00007ffbdc0e8000 ConcurrentGCThread "G1 Conc#8" [stack: 0x00007ffa9f9e0000,0x00007ffa9fae0000] [id=20916]
  0x00007ffbdc0ea000 ConcurrentGCThread "G1 Conc#9" [stack: 0x00007ffa9f8de000,0x00007ffa9f9de000] [id=20918]
  0x00007ffbdc0eb800 ConcurrentGCThread "G1 Conc#10" [stack: 0x00007ffa9f7dc000,0x00007ffa9f8dc000] [id=20919]
  0x00007ffbdc0ed800 ConcurrentGCThread "G1 Conc#11" [stack: 0x00007ffa9f6da000,0x00007ffa9f7da000] [id=20920]
  0x00007ffbdc0ef000 ConcurrentGCThread "G1 Conc#12" [stack: 0x00007ffa9f5d8000,0x00007ffa9f6d8000] [id=20921]

[error occurred during error reporting (printing all threads), id 0xe0000002]

VM state:not at safepoint (not fully initialized)

VM Mutex/Monitor currently owned by a thread:  ([mutex/lock_event])
[0x00007ffbdc00ee40] Heap_lock - owner thread: 0x00007ffbdc012000

Heap address: 0x0000000082000000, size: 30688 MB, Compressed Oops mode: Non-zero based: 0x0000000082000000
Narrow klass base: 0x0000000000000000, Narrow klass shift: 0

GC Heap History (0 events):
No events

Deoptimization events (0 events):
No events

Classes redefined (0 events):
No events

Internal exceptions (0 events):
No events

Events (0 events):
No events


Dynamic libraries:
102000000-800000000 ---p 00000000 00:00 0 
562b0ce94000-562b0ce95000 r-xp 00000000 08:22 3671113                    /usr/lib/jvm/java-11-openjdk-amd64/bin/java
562b0d095000-562b0d096000 r--p 00001000 08:22 3671113                    /usr/lib/jvm/java-11-openjdk-amd64/bin/java
562b0d096000-562b0d097000 rw-p 00002000 08:22 3671113                    /usr/lib/jvm/java-11-openjdk-amd64/bin/java
562b0d39e000-562b0d3bf000 rw-p 00000000 00:00 0                          [heap]
7ffa60000000-7ffa60021000 rw-p 00000000 00:00 0 
7ffa60021000-7ffa64000000 ---p 00000000 00:00 0 
7ffa65fe0000-7ffa68000000 rw-p 00000000 00:00 0 
7ffa68000000-7ffa68021000 rw-p 00000000 00:00 0 
7ffa68021000-7ffa6c000000 ---p 00000000 00:00 0 
7ffa6c000000-7ffa6c021000 rw-p 00000000 00:00 0 
7ffa6c021000-7ffa70000000 ---p 00000000 00:00 0 
7ffa70000000-7ffa70021000 rw-p 00000000 00:00 0 
7ffa70021000-7ffa74000000 ---p 00000000 00:00 0 
7ffa74000000-7ffa74021000 rw-p 00000000 00:00 0 
7ffa74021000-7ffa78000000 ---p 00000000 00:00 0 
7ffa78000000-7ffa78021000 rw-p 00000000 00:00 0 
7ffa78021000-7ffa7c000000 ---p 00000000 00:00 0 
7ffa7c000000-7ffa7c021000 rw-p 00000000 00:00 0 
7ffa7c021000-7ffa80000000 ---p 00000000 00:00 0 
7ffa80000000-7ffa80021000 rw-p 00000000 00:00 0 
7ffa80021000-7ffa84000000 ---p 00000000 00:00 0 
7ffa84000000-7ffa84021000 rw-p 00000000 00:00 0 
7ffa84021000-7ffa88000000 ---p 00000000 00:00 0 
7ffa88000000-7ffa88021000 rw-p 00000000 00:00 0 
7ffa88021000-7ffa8c000000 ---p 00000000 00:00 0 
7ffa8c000000-7ffa8c021000 rw-p 00000000 00:00 0 
7ffa8c021000-7ffa90000000 ---p 00000000 00:00 0 
7ffa90000000-7ffa90021000 rw-p 00000000 00:00 0 
7ffa90021000-7ffa94000000 ---p 00000000 00:00 0 
7ffa94000000-7ffa94021000 rw-p 00000000 00:00 0 
7ffa94021000-7ffa98000000 ---p 00000000 00:00 0 
7ffa98000000-7ffa98021000 rw-p 00000000 00:00 0 
7ffa98021000-7ffa9c000000 ---p 00000000 00:00 0 
7ffa9c0c1000-7ffa9f5d6000 rw-p 00000000 00:00 0 
7ffa9f5d6000-7ffa9f5d7000 ---p 00000000 00:00 0 
7ffa9f5d7000-7ffa9f6d8000 rw-p 00000000 00:00 0 
7ffa9f6d8000-7ffa9f6d9000 ---p 00000000 00:00 0 
7ffa9f6d9000-7ffa9f7da000 rw-p 00000000 00:00 0 
7ffa9f7da000-7ffa9f7db000 ---p 00000000 00:00 0 
7ffa9f7db000-7ffa9f8dc000 rw-p 00000000 00:00 0 
7ffa9f8dc000-7ffa9f8dd000 ---p 00000000 00:00 0 
7ffa9f8dd000-7ffa9f9de000 rw-p 00000000 00:00 0 
7ffa9f9de000-7ffa9f9df000 ---p 00000000 00:00 0 
7ffa9f9df000-7ffa9fae0000 rw-p 00000000 00:00 0 
7ffa9fae0000-7ffa9fae1000 ---p 00000000 00:00 0 
7ffa9fae1000-7ffa9fbe2000 rw-p 00000000 00:00 0 
7ffa9fbe2000-7ffa9fbe3000 ---p 00000000 00:00 0 
7ffa9fbe3000-7ffaa0920000 rw-p 00000000 00:00 0 
7ffaa0920000-7ffae4000000 ---p 00000000 00:00 0 
7ffae4000000-7ffae4021000 rw-p 00000000 00:00 0 
7ffae4021000-7ffae8000000 ---p 00000000 00:00 0 
7ffae8008000-7ffae8009000 ---p 00000000 00:00 0 
7ffae8009000-7ffae810a000 rw-p 00000000 00:00 0 
7ffae810a000-7ffae810b000 ---p 00000000 00:00 0 
7ffae810b000-7ffae820c000 rw-p 00000000 00:00 0 
7ffae820c000-7ffae820d000 ---p 00000000 00:00 0 
7ffae820d000-7ffae830e000 rw-p 00000000 00:00 0 
7ffae830e000-7ffae830f000 ---p 00000000 00:00 0 
7ffae830f000-7ffae8410000 rw-p 00000000 00:00 0 
7ffae8410000-7ffaec000000 ---p 00000000 00:00 0 
7ffaec000000-7ffaec021000 rw-p 00000000 00:00 0 
7ffaec021000-7ffaf0000000 ---p 00000000 00:00 0 
7ffaf0000000-7ffaf0021000 rw-p 00000000 00:00 0 
7ffaf0021000-7ffaf4000000 ---p 00000000 00:00 0 
7ffaf4000000-7ffaf4021000 rw-p 00000000 00:00 0 
7ffaf4021000-7ffaf8000000 ---p 00000000 00:00 0 
7ffaf8000000-7ffaf8021000 rw-p 00000000 00:00 0 
7ffaf8021000-7ffafc000000 ---p 00000000 00:00 0 
7ffafc000000-7ffafc021000 rw-p 00000000 00:00 0 
7ffafc021000-7ffb00000000 ---p 00000000 00:00 0 
7ffb000c9000-7ffb000ca000 ---p 00000000 00:00 0 
7ffb000ca000-7ffb001cb000 rw-p 00000000 00:00 0 
7ffb001cb000-7ffb001cc000 ---p 00000000 00:00 0 
7ffb001cc000-7ffb002cd000 rw-p 00000000 00:00 0 
7ffb002cd000-7ffb002ce000 ---p 00000000 00:00 0 
7ffb002ce000-7ffb039f4000 rw-p 00000000 00:00 0 
7ffb039f4000-7ffb039f5000 ---p 00000000 00:00 0 
7ffb039f5000-7ffb03af6000 rw-p 00000000 00:00 0 
7ffb03af6000-7ffb03af7000 ---p 00000000 00:00 0 
7ffb03af7000-7ffb03bf8000 rw-p 00000000 00:00 0 
7ffb03bf8000-7ffb03bf9000 ---p 00000000 00:00 0 
7ffb03bf9000-7ffb03cfa000 rw-p 00000000 00:00 0 
7ffb03cfa000-7ffb03cfb000 ---p 00000000 00:00 0 
7ffb03cfb000-7ffb03dfc000 rw-p 00000000 00:00 0 
7ffb03dfc000-7ffb03dfd000 ---p 00000000 00:00 0 
7ffb03dfd000-7ffb03efe000 rw-p 00000000 00:00 0 
7ffb03efe000-7ffb03eff000 ---p 00000000 00:00 0 
7ffb03eff000-7ffb04000000 rw-p 00000000 00:00 0 
7ffb04000000-7ffb04021000 rw-p 00000000 00:00 0 
7ffb04021000-7ffb08000000 ---p 00000000 00:00 0 
7ffb08000000-7ffb08021000 rw-p 00000000 00:00 0 
7ffb08021000-7ffb0c000000 ---p 00000000 00:00 0 
7ffb0c000000-7ffb0c021000 rw-p 00000000 00:00 0 
7ffb0c021000-7ffb10000000 ---p 00000000 00:00 0 
7ffb10000000-7ffb10021000 rw-p 00000000 00:00 0 
7ffb10021000-7ffb14000000 ---p 00000000 00:00 0 
7ffb14000000-7ffb14021000 rw-p 00000000 00:00 0 
7ffb14021000-7ffb18000000 ---p 00000000 00:00 0 
7ffb18000000-7ffb18021000 rw-p 00000000 00:00 0 
7ffb18021000-7ffb1c000000 ---p 00000000 00:00 0 
7ffb1c000000-7ffb1c021000 rw-p 00000000 00:00 0 
7ffb1c021000-7ffb20000000 ---p 00000000 00:00 0 
7ffb20000000-7ffb20021000 rw-p 00000000 00:00 0 
7ffb20021000-7ffb24000000 ---p 00000000 00:00 0 
7ffb24000000-7ffb24021000 rw-p 00000000 00:00 0 
7ffb24021000-7ffb28000000 ---p 00000000 00:00 0 
7ffb28000000-7ffb28021000 rw-p 00000000 00:00 0 
7ffb28021000-7ffb2c000000 ---p 00000000 00:00 0 
7ffb2c000000-7ffb2c021000 rw-p 00000000 00:00 0 
7ffb2c021000-7ffb30000000 ---p 00000000 00:00 0 
7ffb30000000-7ffb30021000 rw-p 00000000 00:00 0 
7ffb30021000-7ffb34000000 ---p 00000000 00:00 0 
7ffb34000000-7ffb34021000 rw-p 00000000 00:00 0 
7ffb34021000-7ffb38000000 ---p 00000000 00:00 0 
7ffb38000000-7ffb38021000 rw-p 00000000 00:00 0 
7ffb38021000-7ffb3c000000 ---p 00000000 00:00 0 
7ffb3c000000-7ffb3c021000 rw-p 00000000 00:00 0 
7ffb3c021000-7ffb40000000 ---p 00000000 00:00 0 
7ffb40000000-7ffb40021000 rw-p 00000000 00:00 0 
7ffb40021000-7ffb44000000 ---p 00000000 00:00 0 
7ffb44000000-7ffb44021000 rw-p 00000000 00:00 0 
7ffb44021000-7ffb48000000 ---p 00000000 00:00 0 
7ffb48000000-7ffb48021000 rw-p 00000000 00:00 0 
7ffb48021000-7ffb4c000000 ---p 00000000 00:00 0 
7ffb4c000000-7ffb4c021000 rw-p 00000000 00:00 0 
7ffb4c021000-7ffb50000000 ---p 00000000 00:00 0 
7ffb50000000-7ffb50021000 rw-p 00000000 00:00 0 
7ffb50021000-7ffb54000000 ---p 00000000 00:00 0 
7ffb54000000-7ffb54021000 rw-p 00000000 00:00 0 
7ffb54021000-7ffb58000000 ---p 00000000 00:00 0 
7ffb58000000-7ffb58021000 rw-p 00000000 00:00 0 
7ffb58021000-7ffb5c000000 ---p 00000000 00:00 0 
7ffb5c000000-7ffb5c021000 rw-p 00000000 00:00 0 
7ffb5c021000-7ffb60000000 ---p 00000000 00:00 0 
7ffb60000000-7ffb60021000 rw-p 00000000 00:00 0 
7ffb60021000-7ffb64000000 ---p 00000000 00:00 0 
7ffb64000000-7ffb64021000 rw-p 00000000 00:00 0 
7ffb64021000-7ffb68000000 ---p 00000000 00:00 0 
7ffb68000000-7ffb68021000 rw-p 00000000 00:00 0 
7ffb68021000-7ffb6c000000 ---p 00000000 00:00 0 
7ffb6c000000-7ffb6c021000 rw-p 00000000 00:00 0 
7ffb6c021000-7ffb70000000 ---p 00000000 00:00 0 
7ffb70000000-7ffb70021000 rw-p 00000000 00:00 0 
7ffb70021000-7ffb74000000 ---p 00000000 00:00 0 
7ffb74000000-7ffb74021000 rw-p 00000000 00:00 0 
7ffb74021000-7ffb78000000 ---p 00000000 00:00 0 
7ffb78000000-7ffb78021000 rw-p 00000000 00:00 0 
7ffb78021000-7ffb7c000000 ---p 00000000 00:00 0 
7ffb7c000000-7ffb7c021000 rw-p 00000000 00:00 0 
7ffb7c021000-7ffb80000000 ---p 00000000 00:00 0 
7ffb80000000-7ffb80021000 rw-p 00000000 00:00 0 
7ffb80021000-7ffb84000000 ---p 00000000 00:00 0 
7ffb84000000-7ffb84021000 rw-p 00000000 00:00 0 
7ffb84021000-7ffb88000000 ---p 00000000 00:00 0 
7ffb88000000-7ffb88021000 rw-p 00000000 00:00 0 
7ffb88021000-7ffb8c000000 ---p 00000000 00:00 0 
7ffb8c000000-7ffb8c021000 rw-p 00000000 00:00 0 
7ffb8c021000-7ffb90000000 ---p 00000000 00:00 0 
7ffb90000000-7ffb90021000 rw-p 00000000 00:00 0 
7ffb90021000-7ffb94000000 ---p 00000000 00:00 0 
7ffb94000000-7ffb94021000 rw-p 00000000 00:00 0 
7ffb94021000-7ffb98000000 ---p 00000000 00:00 0 
7ffb98000000-7ffb98021000 rw-p 00000000 00:00 0 
7ffb98021000-7ffb9c000000 ---p 00000000 00:00 0 
7ffb9c000000-7ffb9c021000 rw-p 00000000 00:00 0 
7ffb9c021000-7ffba0000000 ---p 00000000 00:00 0 
7ffba0000000-7ffba0021000 rw-p 00000000 00:00 0 
7ffba0021000-7ffba4000000 ---p 00000000 00:00 0 
7ffba4000000-7ffba4021000 rw-p 00000000 00:00 0 
7ffba4021000-7ffba8000000 ---p 00000000 00:00 0 
7ffba8000000-7ffba8021000 rw-p 00000000 00:00 0 
7ffba8021000-7ffbac000000 ---p 00000000 00:00 0 
7ffbac000000-7ffbac021000 rw-p 00000000 00:00 0 
7ffbac021000-7ffbb0000000 ---p 00000000 00:00 0 
7ffbb0000000-7ffbb0021000 rw-p 00000000 00:00 0 
7ffbb0021000-7ffbb4000000 ---p 00000000 00:00 0 
7ffbb4000000-7ffbb4021000 rw-p 00000000 00:00 0 
7ffbb4021000-7ffbb8000000 ---p 00000000 00:00 0 
7ffbb8000000-7ffbb8021000 rw-p 00000000 00:00 0 
7ffbb8021000-7ffbbc000000 ---p 00000000 00:00 0 
7ffbbc000000-7ffbbc021000 rw-p 00000000 00:00 0 
7ffbbc021000-7ffbc0000000 ---p 00000000 00:00 0 
7ffbc0099000-7ffbc009a000 ---p 00000000 00:00 0 
7ffbc009a000-7ffbc019b000 rw-p 00000000 00:00 0 
7ffbc019b000-7ffbc019c000 ---p 00000000 00:00 0 
7ffbc019c000-7ffbc029d000 rw-p 00000000 00:00 0 
7ffbc029d000-7ffbc029e000 ---p 00000000 00:00 0 
7ffbc029e000-7ffbc039f000 rw-p 00000000 00:00 0 
7ffbc039f000-7ffbc03a0000 ---p 00000000 00:00 0 
7ffbc03a0000-7ffbc04a1000 rw-p 00000000 00:00 0 
7ffbc04a1000-7ffbc04a2000 ---p 00000000 00:00 0 
7ffbc04a2000-7ffbc05a3000 rw-p 00000000 00:00 0 
7ffbc05a3000-7ffbc05a4000 ---p 00000000 00:00 0 
7ffbc05a4000-7ffbc06a5000 rw-p 00000000 00:00 0 
7ffbc06a5000-7ffbc06a6000 ---p 00000000 00:00 0 
7ffbc06a6000-7ffbc07a7000 rw-p 00000000 00:00 0 
7ffbc07a7000-7ffbc07a8000 ---p 00000000 00:00 0 
7ffbc07a8000-7ffbc08a9000 rw-p 00000000 00:00 0 
7ffbc08a9000-7ffbc08aa000 ---p 00000000 00:00 0 
7ffbc08aa000-7ffbc09ab000 rw-p 00000000 00:00 0 
7ffbc09ab000-7ffbc09ac000 ---p 00000000 00:00 0 
7ffbc09ac000-7ffbc0aad000 rw-p 00000000 00:00 0 
7ffbc0aad000-7ffbc0aae000 ---p 00000000 00:00 0 
7ffbc0aae000-7ffbc0baf000 rw-p 00000000 00:00 0 
7ffbc0baf000-7ffbc0bb0000 ---p 00000000 00:00 0 
7ffbc0bb0000-7ffbc0cb1000 rw-p 00000000 00:00 0 
7ffbc0cb1000-7ffbc0cb2000 ---p 00000000 00:00 0 
7ffbc0cb2000-7ffbc0db3000 rw-p 00000000 00:00 0 
7ffbc0db3000-7ffbc0db4000 ---p 00000000 00:00 0 
7ffbc0db4000-7ffbc0eb5000 rw-p 00000000 00:00 0 
7ffbc0eb5000-7ffbc0eb6000 ---p 00000000 00:00 0 
7ffbc0eb6000-7ffbc0fb7000 rw-p 00000000 00:00 0 
7ffbc0fb7000-7ffbc0fb8000 ---p 00000000 00:00 0 
7ffbc0fb8000-7ffbc10b9000 rw-p 00000000 00:00 0 
7ffbc10b9000-7ffbc10ba000 ---p 00000000 00:00 0 
7ffbc10ba000-7ffbc11bb000 rw-p 00000000 00:00 0 
7ffbc11bb000-7ffbc11bc000 ---p 00000000 00:00 0 
7ffbc11bc000-7ffbc12bd000 rw-p 00000000 00:00 0 
7ffbc12bd000-7ffbc12be000 ---p 00000000 00:00 0 
7ffbc12be000-7ffbc13bf000 rw-p 00000000 00:00 0 
7ffbc13bf000-7ffbc13c0000 ---p 00000000 00:00 0 
7ffbc13c0000-7ffbc14c1000 rw-p 00000000 00:00 0 
7ffbc14c1000-7ffbc14c2000 ---p 00000000 00:00 0 
7ffbc14c2000-7ffbc15c3000 rw-p 00000000 00:00 0 
7ffbc15c3000-7ffbc15c4000 ---p 00000000 00:00 0 
7ffbc15c4000-7ffbc16c5000 rw-p 00000000 00:00 0 
7ffbc16c5000-7ffbc16c6000 ---p 00000000 00:00 0 
7ffbc16c6000-7ffbc17c7000 rw-p 00000000 00:00 0 
7ffbc17c7000-7ffbc17c8000 ---p 00000000 00:00 0 
7ffbc17c8000-7ffbc18c9000 rw-p 00000000 00:00 0 
7ffbc18c9000-7ffbc18ca000 ---p 00000000 00:00 0 
7ffbc18ca000-7ffbc19cb000 rw-p 00000000 00:00 0 
7ffbc19cb000-7ffbc19cc000 ---p 00000000 00:00 0 
7ffbc19cc000-7ffbc1acd000 rw-p 00000000 00:00 0 
7ffbc1acd000-7ffbc1ace000 ---p 00000000 00:00 0 
7ffbc1ace000-7ffbc1bcf000 rw-p 00000000 00:00 0 
7ffbc1bcf000-7ffbc1bd0000 ---p 00000000 00:00 0 
7ffbc1bd0000-7ffbc1cd1000 rw-p 00000000 00:00 0 
7ffbc1cd1000-7ffbc1cd2000 ---p 00000000 00:00 0 
7ffbc1cd2000-7ffbc1dd3000 rw-p 00000000 00:00 0 
7ffbc1dd3000-7ffbc1dd4000 ---p 00000000 00:00 0 
7ffbc1dd4000-7ffbc1ed5000 rw-p 00000000 00:00 0 
7ffbc1ed5000-7ffbc1ed6000 ---p 00000000 00:00 0 
7ffbc1ed6000-7ffbc1fd7000 rw-p 00000000 00:00 0 
7ffbc1fd7000-7ffbc1fd8000 ---p 00000000 00:00 0 
7ffbc1fd8000-7ffbc20d9000 rw-p 00000000 00:00 0 
7ffbc20d9000-7ffbc20da000 ---p 00000000 00:00 0 
7ffbc20da000-7ffbc21db000 rw-p 00000000 00:00 0 
7ffbc21db000-7ffbc21dc000 ---p 00000000 00:00 0 
7ffbc21dc000-7ffbc22dd000 rw-p 00000000 00:00 0 
7ffbc22dd000-7ffbc22de000 ---p 00000000 00:00 0 
7ffbc22de000-7ffbc23df000 rw-p 00000000 00:00 0 
7ffbc23df000-7ffbc23e0000 ---p 00000000 00:00 0 
7ffbc23e0000-7ffbc24e1000 rw-p 00000000 00:00 0 
7ffbc24e1000-7ffbc24e2000 ---p 00000000 00:00 0 
7ffbc24e2000-7ffbc25e3000 rw-p 00000000 00:00 0 
7ffbc25e3000-7ffbc25e4000 ---p 00000000 00:00 0 
7ffbc25e4000-7ffbc26e5000 rw-p 00000000 00:00 0 
7ffbc26e5000-7ffbc26e6000 ---p 00000000 00:00 0 
7ffbc26e6000-7ffbc27e7000 rw-p 00000000 00:00 0 
7ffbc27e7000-7ffbc27e8000 ---p 00000000 00:00 0 
7ffbc27e8000-7ffbc28e9000 rw-p 00000000 00:00 0 
7ffbc28e9000-7ffbc28ea000 ---p 00000000 00:00 0 
7ffbc28ea000-7ffbc29eb000 rw-p 00000000 00:00 0 
7ffbc29eb000-7ffbc29ec000 ---p 00000000 00:00 0 
7ffbc29ec000-7ffbc2aed000 rw-p 00000000 00:00 0 
7ffbc2aed000-7ffbc2aee000 ---p 00000000 00:00 0 
7ffbc2aee000-7ffbc2bef000 rw-p 00000000 00:00 0 
7ffbc2bef000-7ffbc2bf0000 ---p 00000000 00:00 0 
7ffbc2bf0000-7ffbc2cf1000 rw-p 00000000 00:00 0 
7ffbc2cf1000-7ffbc2cf2000 ---p 00000000 00:00 0 
7ffbc2cf2000-7ffbc2df3000 rw-p 00000000 00:00 0 
7ffbc2df3000-7ffbc2df4000 ---p 00000000 00:00 0 
7ffbc2df4000-7ffbc2ef5000 rw-p 00000000 00:00 0 
7ffbc2ef5000-7ffbc2ef6000 ---p 00000000 00:00 0 
7ffbc2ef6000-7ffbc2ffc000 rw-p 00000000 00:00 0 
7ffbc2ffc000-7ffbc30df000 ---p 00000000 00:00 0 
7ffbc30df000-7ffbc334f000 rwxp 00000000 00:00 0 
7ffbc334f000-7ffbc393c000 ---p 00000000 00:00 0 
7ffbc393c000-7ffbc3bac000 rwxp 00000000 00:00 0 
7ffbc3bac000-7ffbcad0d000 ---p 00000000 00:00 0 
7ffbcad0d000-7ffbcaf7d000 rwxp 00000000 00:00 0 
7ffbcaf7d000-7ffbd20df000 ---p 00000000 00:00 0 
7ffbd20df000-7ffbdb5ba000 r--s 00000000 08:22 3671288                    /usr/lib/jvm/java-11-openjdk-amd64/lib/modules
7ffbdb5ba000-7ffbdb5bf000 r-xp 00000000 08:22 3671270                    /usr/lib/jvm/java-11-openjdk-amd64/lib/libjimage.so
7ffbdb5bf000-7ffbdb7be000 ---p 00005000 08:22 3671270                    /usr/lib/jvm/java-11-openjdk-amd64/lib/libjimage.so
7ffbdb7be000-7ffbdb7bf000 r--p 00004000 08:22 3671270                    /usr/lib/jvm/java-11-openjdk-amd64/lib/libjimage.so
7ffbdb7bf000-7ffbdb7c0000 rw-p 00005000 08:22 3671270                    /usr/lib/jvm/java-11-openjdk-amd64/lib/libjimage.so
7ffbdb7c0000-7ffbdb7c7000 r-xp 00000000 08:22 3671287                    /usr/lib/jvm/java-11-openjdk-amd64/lib/libzip.so
7ffbdb7c7000-7ffbdb9c6000 ---p 00007000 08:22 3671287                    /usr/lib/jvm/java-11-openjdk-amd64/lib/libzip.so
7ffbdb9c6000-7ffbdb9c7000 r--p 00006000 08:22 3671287                    /usr/lib/jvm/java-11-openjdk-amd64/lib/libzip.so
7ffbdb9c7000-7ffbdb9c8000 rw-p 00007000 08:22 3671287                    /usr/lib/jvm/java-11-openjdk-amd64/lib/libzip.so
7ffbdb9c8000-7ffbdb9d3000 r-xp 00000000 08:22 7344813                    /lib/x86_64-linux-gnu/libnss_files-2.27.so
7ffbdb9d3000-7ffbdbbd2000 ---p 0000b000 08:22 7344813                    /lib/x86_64-linux-gnu/libnss_files-2.27.so
7ffbdbbd2000-7ffbdbbd3000 r--p 0000a000 08:22 7344813                    /lib/x86_64-linux-gnu/libnss_files-2.27.so
7ffbdbbd3000-7ffbdbbd4000 rw-p 0000b000 08:22 7344813                    /lib/x86_64-linux-gnu/libnss_files-2.27.so
7ffbdbbd4000-7ffbdbbda000 rw-p 00000000 00:00 0 
7ffbdbbda000-7ffbdbbf1000 r-xp 00000000 08:22 7344810                    /lib/x86_64-linux-gnu/libnsl-2.27.so
7ffbdbbf1000-7ffbdbdf0000 ---p 00017000 08:22 7344810                    /lib/x86_64-linux-gnu/libnsl-2.27.so
7ffbdbdf0000-7ffbdbdf1000 r--p 00016000 08:22 7344810                    /lib/x86_64-linux-gnu/libnsl-2.27.so
7ffbdbdf1000-7ffbdbdf2000 rw-p 00017000 08:22 7344810                    /lib/x86_64-linux-gnu/libnsl-2.27.so
7ffbdbdf2000-7ffbdbdf4000 rw-p 00000000 00:00 0 
7ffbdbdf4000-7ffbdbdff000 r-xp 00000000 08:22 7344815                    /lib/x86_64-linux-gnu/libnss_nis-2.27.so
7ffbdbdff000-7ffbdbffe000 ---p 0000b000 08:22 7344815                    /lib/x86_64-linux-gnu/libnss_nis-2.27.so
7ffbdbffe000-7ffbdbfff000 r--p 0000a000 08:22 7344815                    /lib/x86_64-linux-gnu/libnss_nis-2.27.so
7ffbdbfff000-7ffbdc000000 rw-p 0000b000 08:22 7344815                    /lib/x86_64-linux-gnu/libnss_nis-2.27.so
7ffbdc000000-7ffbdc10c000 rw-p 00000000 00:00 0 
7ffbdc10c000-7ffbe0000000 ---p 00000000 00:00 0 
7ffbe0095000-7ffbe009a000 rw-p 00000000 00:00 0 
7ffbe009a000-7ffbe017d000 ---p 00000000 00:00 0 
7ffbe017d000-7ffbe0185000 r-xp 00000000 08:22 7344811                    /lib/x86_64-linux-gnu/libnss_compat-2.27.so
7ffbe0185000-7ffbe0385000 ---p 00008000 08:22 7344811                    /lib/x86_64-linux-gnu/libnss_compat-2.27.so
7ffbe0385000-7ffbe0386000 r--p 00008000 08:22 7344811                    /lib/x86_64-linux-gnu/libnss_compat-2.27.so
7ffbe0386000-7ffbe0387000 rw-p 00009000 08:22 7344811                    /lib/x86_64-linux-gnu/libnss_compat-2.27.so
7ffbe0387000-7ffbe03b3000 r-xp 00000000 08:22 3671266                    /usr/lib/jvm/java-11-openjdk-amd64/lib/libjava.so
7ffbe03b3000-7ffbe05b2000 ---p 0002c000 08:22 3671266                    /usr/lib/jvm/java-11-openjdk-amd64/lib/libjava.so
7ffbe05b2000-7ffbe05b3000 r--p 0002b000 08:22 3671266                    /usr/lib/jvm/java-11-openjdk-amd64/lib/libjava.so
7ffbe05b3000-7ffbe05b5000 rw-p 0002c000 08:22 3671266                    /usr/lib/jvm/java-11-openjdk-amd64/lib/libjava.so
7ffbe05b5000-7ffbe05c2000 r-xp 00000000 08:22 3671286                    /usr/lib/jvm/java-11-openjdk-amd64/lib/libverify.so
7ffbe05c2000-7ffbe07c1000 ---p 0000d000 08:22 3671286                    /usr/lib/jvm/java-11-openjdk-amd64/lib/libverify.so
7ffbe07c1000-7ffbe07c3000 r--p 0000c000 08:22 3671286                    /usr/lib/jvm/java-11-openjdk-amd64/lib/libverify.so
7ffbe07c3000-7ffbe07c4000 rw-p 0000e000 08:22 3671286                    /usr/lib/jvm/java-11-openjdk-amd64/lib/libverify.so
7ffbe07c4000-7ffbe07cb000 r-xp 00000000 08:22 7344835                    /lib/x86_64-linux-gnu/librt-2.27.so
7ffbe07cb000-7ffbe09ca000 ---p 00007000 08:22 7344835                    /lib/x86_64-linux-gnu/librt-2.27.so
7ffbe09ca000-7ffbe09cb000 r--p 00006000 08:22 7344835                    /lib/x86_64-linux-gnu/librt-2.27.so
7ffbe09cb000-7ffbe09cc000 rw-p 00007000 08:22 7344835                    /lib/x86_64-linux-gnu/librt-2.27.so
7ffbe09cc000-7ffbe09e3000 r-xp 00000000 08:22 7345415                    /lib/x86_64-linux-gnu/libgcc_s.so.1
7ffbe09e3000-7ffbe0be2000 ---p 00017000 08:22 7345415                    /lib/x86_64-linux-gnu/libgcc_s.so.1
7ffbe0be2000-7ffbe0be3000 r--p 00016000 08:22 7345415                    /lib/x86_64-linux-gnu/libgcc_s.so.1
7ffbe0be3000-7ffbe0be4000 rw-p 00017000 08:22 7345415                    /lib/x86_64-linux-gnu/libgcc_s.so.1
7ffbe0be4000-7ffbe0d81000 r-xp 00000000 08:22 7344799                    /lib/x86_64-linux-gnu/libm-2.27.so
7ffbe0d81000-7ffbe0f80000 ---p 0019d000 08:22 7344799                    /lib/x86_64-linux-gnu/libm-2.27.so
7ffbe0f80000-7ffbe0f81000 r--p 0019c000 08:22 7344799                    /lib/x86_64-linux-gnu/libm-2.27.so
7ffbe0f81000-7ffbe0f82000 rw-p 0019d000 08:22 7344799                    /lib/x86_64-linux-gnu/libm-2.27.so
7ffbe0f82000-7ffbe10fb000 r-xp 00000000 08:22 6815971                    /usr/lib/x86_64-linux-gnu/libstdc++.so.6.0.25
7ffbe10fb000-7ffbe12fb000 ---p 00179000 08:22 6815971                    /usr/lib/x86_64-linux-gnu/libstdc++.so.6.0.25
7ffbe12fb000-7ffbe1305000 r--p 00179000 08:22 6815971                    /usr/lib/x86_64-linux-gnu/libstdc++.so.6.0.25
7ffbe1305000-7ffbe1307000 rw-p 00183000 08:22 6815971                    /usr/lib/x86_64-linux-gnu/libstdc++.so.6.0.25
7ffbe1307000-7ffbe130b000 rw-p 00000000 00:00 0 
7ffbe130b000-7ffbe22a8000 r-xp 00000000 08:22 3671293                    /usr/lib/jvm/java-11-openjdk-amd64/lib/server/libjvm.so
7ffbe22a8000-7ffbe24a8000 ---p 00f9d000 08:22 3671293                    /usr/lib/jvm/java-11-openjdk-amd64/lib/server/libjvm.so
7ffbe24a8000-7ffbe256c000 r--p 00f9d000 08:22 3671293                    /usr/lib/jvm/java-11-openjdk-amd64/lib/server/libjvm.so
7ffbe256c000-7ffbe25a4000 rw-p 01061000 08:22 3671293                    /usr/lib/jvm/java-11-openjdk-amd64/lib/server/libjvm.so
7ffbe25a4000-7ffbe25ed000 rw-p 00000000 00:00 0 
7ffbe25ed000-7ffbe2607000 r-xp 00000000 08:22 7344831                    /lib/x86_64-linux-gnu/libpthread-2.27.so
7ffbe2607000-7ffbe2806000 ---p 0001a000 08:22 7344831                    /lib/x86_64-linux-gnu/libpthread-2.27.so
7ffbe2806000-7ffbe2807000 r--p 00019000 08:22 7344831                    /lib/x86_64-linux-gnu/libpthread-2.27.so
7ffbe2807000-7ffbe2808000 rw-p 0001a000 08:22 7344831                    /lib/x86_64-linux-gnu/libpthread-2.27.so
7ffbe2808000-7ffbe280c000 rw-p 00000000 00:00 0 
7ffbe280c000-7ffbe280f000 r-xp 00000000 08:22 7344777                    /lib/x86_64-linux-gnu/libdl-2.27.so
7ffbe280f000-7ffbe2a0e000 ---p 00003000 08:22 7344777                    /lib/x86_64-linux-gnu/libdl-2.27.so
7ffbe2a0e000-7ffbe2a0f000 r--p 00002000 08:22 7344777                    /lib/x86_64-linux-gnu/libdl-2.27.so
7ffbe2a0f000-7ffbe2a10000 rw-p 00003000 08:22 7344777                    /lib/x86_64-linux-gnu/libdl-2.27.so
7ffbe2a10000-7ffbe2a2c000 r-xp 00000000 08:22 7344851                    /lib/x86_64-linux-gnu/libz.so.1.2.11
7ffbe2a2c000-7ffbe2c2b000 ---p 0001c000 08:22 7344851                    /lib/x86_64-linux-gnu/libz.so.1.2.11
7ffbe2c2b000-7ffbe2c2c000 r--p 0001b000 08:22 7344851                    /lib/x86_64-linux-gnu/libz.so.1.2.11
7ffbe2c2c000-7ffbe2c2d000 rw-p 0001c000 08:22 7344851                    /lib/x86_64-linux-gnu/libz.so.1.2.11
7ffbe2c2d000-7ffbe2e14000 r-xp 00000000 08:22 7344766                    /lib/x86_64-linux-gnu/libc-2.27.so
7ffbe2e14000-7ffbe3014000 ---p 001e7000 08:22 7344766                    /lib/x86_64-linux-gnu/libc-2.27.so
7ffbe3014000-7ffbe3018000 r--p 001e7000 08:22 7344766                    /lib/x86_64-linux-gnu/libc-2.27.so
7ffbe3018000-7ffbe301a000 rw-p 001eb000 08:22 7344766                    /lib/x86_64-linux-gnu/libc-2.27.so
7ffbe301a000-7ffbe301e000 rw-p 00000000 00:00 0 
7ffbe301e000-7ffbe302d000 r-xp 00000000 08:22 3671251                    /usr/lib/jvm/java-11-openjdk-amd64/lib/jli/libjli.so
7ffbe302d000-7ffbe322c000 ---p 0000f000 08:22 3671251                    /usr/lib/jvm/java-11-openjdk-amd64/lib/jli/libjli.so
7ffbe322c000-7ffbe322d000 r--p 0000e000 08:22 3671251                    /usr/lib/jvm/java-11-openjdk-amd64/lib/jli/libjli.so
7ffbe322d000-7ffbe322e000 rw-p 0000f000 08:22 3671251                    /usr/lib/jvm/java-11-openjdk-amd64/lib/jli/libjli.so
7ffbe322e000-7ffbe3255000 r-xp 00000000 08:22 7344754                    /lib/x86_64-linux-gnu/ld-2.27.so
7ffbe3328000-7ffbe332d000 rw-p 00000000 00:00 0 
7ffbe332d000-7ffbe3339000 ---p 00000000 00:00 0 
7ffbe3339000-7ffbe333d000 ---p 00000000 00:00 0 
7ffbe333d000-7ffbe343f000 rw-p 00000000 00:00 0 
7ffbe3448000-7ffbe3449000 rw-p 00000000 00:00 0 
7ffbe3449000-7ffbe3451000 rw-s 00000000 08:22 12586526                   /tmp/hsperfdata_zpeng/20819
7ffbe3451000-7ffbe3452000 ---p 00000000 00:00 0 
7ffbe3452000-7ffbe3453000 r--p 00000000 00:00 0 
7ffbe3453000-7ffbe3455000 rw-p 00000000 00:00 0 
7ffbe3455000-7ffbe3456000 r--p 00027000 08:22 7344754                    /lib/x86_64-linux-gnu/ld-2.27.so
7ffbe3456000-7ffbe3457000 rw-p 00028000 08:22 7344754                    /lib/x86_64-linux-gnu/ld-2.27.so
7ffbe3457000-7ffbe3458000 rw-p 00000000 00:00 0 
7ffd0755b000-7ffd0757e000 rw-p 00000000 00:00 0                          [stack]
7ffd07585000-7ffd07588000 r--p 00000000 00:00 0                          [vvar]
7ffd07588000-7ffd0758a000 r-xp 00000000 00:00 0                          [vdso]
ffffffffff600000-ffffffffff601000 r-xp 00000000 00:00 0                  [vsyscall]


VM Arguments:
java_command: <unknown>
java_class_path (initial): /opt/intel//compilers_and_libraries_2019.1.144/linux/mpi/intel64/lib/mpi.jar:/opt/intel/compilers_and_libraries_2019.1.144/linux/daal/lib/daal.jar:/opt/intel//compilers_and_libraries_2019.1.144/linux/mpi/intel64/lib/mpi.jar:/opt/intel/compilers_and_libraries_2019.1.144/linux/daal/lib/daal.jar
Launcher Type: SUN_STANDARD

Logging:
Log output configuration:
#0: stdout all=warning uptime,level,tags
#1: stderr all=off uptime,level,tags

Environment Variables:
CLASSPATH=/opt/intel//compilers_and_libraries_2019.1.144/linux/mpi/intel64/lib/mpi.jar:/opt/intel/compilers_and_libraries_2019.1.144/linux/daal/lib/daal.jar:/opt/intel//compilers_and_libraries_2019.1.144/linux/mpi/intel64/lib/mpi.jar:/opt/intel/compilers_and_libraries_2019.1.144/linux/daal/lib/daal.jar
PATH=/opt/intel/vtune_amplifier_2019.1.0.579888/bin64:/opt/intel/compilers_and_libraries_2019.1.144/linux/bin/intel64:/opt/intel//compilers_and_libraries_2019.1.144/linux/mpi/intel64/libfabric/bin:/opt/intel//compilers_and_libraries_2019.1.144/linux/mpi/intel64/bin:/opt/intel/vtune_amplifier_2019.1.0.579888/bin64:/opt/intel/compilers_and_libraries_2019.1.144/linux/bin/intel64:/opt/intel//compilers_and_libraries_2019.1.144/linux/mpi/intel64/libfabric/bin:/opt/intel//compilers_and_libraries_2019.1.144/linux/mpi/intel64/bin:/opt/intel/debugger_2019/gdb/intel64/bin:/usr/local/sbin:/usr/local/bin:/usr/sbin:/usr/bin:/sbin:/bin:/usr/games:/usr/local/games:/snap/bin:/home/zpeng/.linuxbrew/bin:/home/zpeng/.linuxbrew/bin:/home/zpeng/apps/bin:/home/zpeng/.linuxbrew/bin:/home/zpeng/apps/bin
LD_LIBRARY_PATH=/opt/intel/compilers_and_libraries_2019.1.144/linux/compiler/lib/intel64_lin:/opt/intel//compilers_and_libraries_2019.1.144/linux/mpi/intel64/libfabric/lib:/opt/intel//compilers_and_libraries_2019.1.144/linux/mpi/intel64/lib/release:/opt/intel//compilers_and_libraries_2019.1.144/linux/mpi/intel64/lib:/opt/intel/compilers_and_libraries_2019.1.144/linux/ipp/lib/intel64:/opt/intel/compilers_and_libraries_2019.1.144/linux/compiler/lib/intel64_lin:/opt/intel/compilers_and_libraries_2019.1.144/linux/mkl/lib/intel64_lin:/opt/intel/compilers_and_libraries_2019.1.144/linux/tbb/lib/intel64/gcc4.7:/opt/intel/compilers_and_libraries_2019.1.144/linux/tbb/lib/intel64/gcc4.7:/opt/intel/compilers_and_libraries_2019.1.144/linux/daal/lib/intel64_lin:/opt/intel/compilers_and_libraries_2019.1.144/linux/compiler/lib/intel64_lin:/opt/intel//compilers_and_libraries_2019.1.144/linux/mpi/intel64/libfabric/lib:/opt/intel//compilers_and_libraries_2019.1.144/linux/mpi/intel64/lib/release:/opt/intel//compilers_and_libraries_2019.1.144/linux/mpi/intel64/lib:/opt/intel/compilers_and_libraries_2019.1.144/linux/ipp/lib/intel64:/opt/intel/compilers_and_libraries_2019.1.144/linux/compiler/lib/intel64_lin:/opt/intel/compilers_and_libraries_2019.1.144/linux/mkl/lib/intel64_lin:/opt/intel/compilers_and_libraries_2019.1.144/linux/tbb/lib/intel64/gcc4.7:/opt/intel/compilers_and_libraries_2019.1.144/linux/tbb/lib/intel64/gcc4.7:/opt/intel/debugger_2019/libipt/intel64/lib:/opt/intel/compilers_and_libraries_2019.1.144/linux/daal/lib/intel64_lin:/opt/intel/compilers_and_libraries_2019.1.144/linux/daal/../tbb/lib/intel64_lin/gcc4.4
SHELL=/home/zpeng/.linuxbrew/bin/zsh
DISPLAY=localhost:10.0

Signal Handlers:
SIGSEGV: [libjvm.so+0xd28b70], sa_mask[0]=11111111011111111101111111111110, sa_flags=SA_RESTART|SA_SIGINFO
SIGBUS: [libjvm.so+0xd28b70], sa_mask[0]=11111111011111111101111111111110, sa_flags=SA_RESTART|SA_SIGINFO
SIGFPE: [libjvm.so+0xd28b70], sa_mask[0]=11111111011111111101111111111110, sa_flags=SA_RESTART|SA_SIGINFO
SIGPIPE: [libjvm.so+0xb2a1f0], sa_mask[0]=11111111011111111101111111111110, sa_flags=SA_RESTART|SA_SIGINFO
SIGXFSZ: [libjvm.so+0xb2a1f0], sa_mask[0]=11111111011111111101111111111110, sa_flags=SA_RESTART|SA_SIGINFO
SIGILL: [libjvm.so+0xd28b70], sa_mask[0]=11111111011111111101111111111110, sa_flags=SA_RESTART|SA_SIGINFO
SIGUSR2: [libjvm.so+0xb2a030], sa_mask[0]=00000000000000000000000000000000, sa_flags=SA_RESTART|SA_SIGINFO
SIGHUP: SIG_DFL, sa_mask[0]=00000000000000000000000000000000, sa_flags=none
SIGINT: SIG_DFL, sa_mask[0]=00000000000000000000000000000000, sa_flags=none
SIGTERM: SIG_DFL, sa_mask[0]=00000000000000000000000000000000, sa_flags=none
SIGQUIT: SIG_DFL, sa_mask[0]=00000000000000000000000000000000, sa_flags=none


---------------  S Y S T E M  ---------------

OS:DISTRIB_ID=Ubuntu
DISTRIB_RELEASE=18.04
DISTRIB_CODENAME=bionic
DISTRIB_DESCRIPTION="Ubuntu 18.04.1 LTS"
uname:Linux 4.15.0-45-generic #48-Ubuntu SMP Tue Jan 29 16:28:13 UTC 2019 x86_64
libc:glibc 2.27 NPTL 2.27 
rlimit: STACK 8192k, CORE 0k, NPROC 767459, NOFILE 1048576, AS infinity, DATA infinity, FSIZE infinity
load average:4.10 2.82 2.24

/proc/meminfo:
MemTotal:       196723672 kB
MemFree:          717460 kB
MemAvailable:          0 kB
Buffers:           22500 kB
Cached:            68200 kB
SwapCached:        10016 kB
Active:         189618636 kB
Inactive:        4848332 kB
Active(anon):   189571496 kB
Inactive(anon):  4807320 kB
Active(file):      47140 kB
Inactive(file):    41012 kB
Unevictable:           0 kB
Mlocked:               0 kB
SwapTotal:       8388604 kB
SwapFree:          61304 kB
Dirty:                32 kB
Writeback:             0 kB
AnonPages:      194366824 kB
Mapped:            34256 kB
Shmem:              2264 kB
Slab:             440076 kB
SReclaimable:     133784 kB
SUnreclaim:       306292 kB
KernelStack:       16080 kB
PageTables:       420364 kB
NFS_Unstable:          0 kB
Bounce:                0 kB
WritebackTmp:          0 kB
CommitLimit:    106750440 kB
Committed_AS:   194713280 kB
VmallocTotal:   34359738367 kB
VmallocUsed:           0 kB
VmallocChunk:          0 kB
HardwareCorrupted:     0 kB
AnonHugePages:         0 kB
ShmemHugePages:        0 kB
ShmemPmdMapped:        0 kB
CmaTotal:              0 kB
CmaFree:               0 kB
HugePages_Total:       0
HugePages_Free:        0
HugePages_Rsvd:        0
HugePages_Surp:        0
Hugepagesize:       2048 kB
DirectMap4k:      318272 kB
DirectMap2M:     7745536 kB
DirectMap1G:    193986560 kB

container (cgroup) information:
container_type: cgroupv1
cpu_cpuset_cpus: 0-79
cpu_memory_nodes: 0-1
active_processor_count: 80
cpu_quota: -1
cpu_period: 100000
cpu_shares: -1
memory_limit_in_bytes: -1
memory_and_swap_limit_in_bytes: -2
memory_soft_limit_in_bytes: -1
memory_usage_in_bytes: 199595028480
memory_max_usage_in_bytes: 199824777216


CPU:total 80 (initial active 80) (20 cores per cpu, 2 threads per core) family 6 model 85 stepping 4, cmov, cx8, fxsr, mmx, sse, sse2, sse3, ssse3, sse4.1, sse4.2, popcnt, avx, avx2, aes, clmul, erms, rtm, 3dnowpref, lzcnt, ht, tsc, tscinvbit, bmi1, bmi2, adx, evex, fma
CPU Model and flags from /proc/cpuinfo:
model name	: Intel(R) Xeon(R) Gold 6138 CPU @ 2.00GHz
flags		: fpu vme de pse tsc msr pae mce cx8 apic sep mtrr pge mca cmov pat pse36 clflush dts acpi mmx fxsr sse sse2 ss ht tm pbe syscall nx pdpe1gb rdtscp lm constant_tsc art arch_perfmon pebs bts rep_good nopl xtopology nonstop_tsc cpuid aperfmperf pni pclmulqdq dtes64 monitor ds_cpl vmx smx est tm2 ssse3 sdbg fma cx16 xtpr pdcm pcid dca sse4_1 sse4_2 x2apic movbe popcnt tsc_deadline_timer aes xsave avx f16c rdrand lahf_lm abm 3dnowprefetch cpuid_fault epb cat_l3 cdp_l3 invpcid_single pti intel_ppin ssbd mba ibrs ibpb stibp tpr_shadow vnmi flexpriority ept vpid fsgsbase tsc_adjust bmi1 hle avx2 smep bmi2 erms invpcid rtm cqm mpx rdt_a avx512f avx512dq rdseed adx smap clflushopt clwb intel_pt avx512cd avx512bw avx512vl xsaveopt xsavec xgetbv1 xsaves cqm_llc cqm_occup_llc cqm_mbm_total cqm_mbm_local dtherm ida arat pln pts pku ospke flush_l1d

Memory: 4k page, physical 196723672k(717592k free), swap 8388604k(61304k free)

vm_info: OpenJDK 64-Bit Server VM (10.0.2+13-Ubuntu-1ubuntu0.18.04.4) for linux-amd64 JRE (10.0.2+13-Ubuntu-1ubuntu0.18.04.4), built on Nov 13 2018 12:53:39 by "buildd" with gcc 7.3.0

END.
