#
# There is insufficient memory for the Java Runtime Environment to continue.
# Native memory allocation (mmap) failed to map 268435456 bytes for committing reserved memory.
# Possible reasons:
#   The system is out of physical RAM or swap space
#   The process is running with CompressedOops enabled, and the Java Heap may be blocking the growth of the native heap
# Possible solutions:
#   Reduce memory load on the system
#   Increase physical memory or swap space
#   Check if swap backing store is full
#   Decrease Java heap size (-Xmx/-Xms)
#   Decrease number of Java threads
#   Decrease Java thread stack sizes (-Xss)
#   Set larger code cache with -XX:ReservedCodeCacheSize=
# This output file may be truncated or incomplete.
#
#  Out of Memory Error (os_linux.cpp:2706), pid=20931, tid=20932
#
# JRE version:  (10.0.2+13) (build )
# Java VM: OpenJDK 64-Bit Server VM (10.0.2+13-Ubuntu-1ubuntu0.18.04.4, mixed mode, aot, tiered, compressed oops, g1 gc, linux-amd64)
# Core dump will be written. Default location: Core dumps may be processed with "/usr/share/apport/apport %p %s %c %d %P" (or dumping to /home/zpeng/pppp/pado/includes/core.20931)
#

---------------  S U M M A R Y ------------

Command Line: -Dosgi.requiredJavaVersion=1.8 -Dosgi.instance.area.default=@user.home/eclipse-workspace -XX:+UseG1GC -XX:+UseStringDeduplication -Dosgi.requiredJavaVersion=1.8 -Dosgi.dataAreaRequiresExplicitInit=true -Xms256m -Xmx1024m /home/zpeng/apps/eclipse//plugins/org.eclipse.equinox.launcher_1.5.200.v20180922-1751.jar -os linux -ws gtk -arch x86_64 -showsplash /home/zpeng/apps/eclipse//plugins/org.eclipse.epp.package.common_4.10.0.20181214-0600/splash.bmp -launcher /home/zpeng/apps/eclipse/eclipse -name Eclipse --launcher.library /home/zpeng/apps/eclipse//plugins/org.eclipse.equinox.launcher.gtk.linux.x86_64_1.1.900.v20180922-1751/eclipse_1801.so -startup /home/zpeng/apps/eclipse//plugins/org.eclipse.equinox.launcher_1.5.200.v20180922-1751.jar --launcher.appendVmargs -exitdata 60001 -product org.eclipse.epp.package.cpp.product -vm /usr/bin/java -vmargs -Dosgi.requiredJavaVersion=1.8 -Dosgi.instance.area.default=@user.home/eclipse-workspace -XX:+UseG1GC -XX:+UseStringDeduplication -Dosgi.requiredJavaVersion=1.8 -Dosgi.dataAreaRequiresExplicitInit=true -Xms256m -Xmx1024m -jar /home/zpeng/apps/eclipse//plugins/org.eclipse.equinox.launcher_1.5.200.v20180922-1751.jar

Host: Intel(R) Xeon(R) Gold 6138 CPU @ 2.00GHz, 80 cores, 187G, Ubuntu 18.04.1 LTS
Time: Fri Feb  1 10:43:36 2019 EST elapsed time: 0 seconds (0d 0h 0m 0s)

---------------  T H R E A D  ---------------

Current thread (0x00007f5738013000):  JavaThread "Unknown thread" [_thread_in_vm, id=20932, stack(0x00007f5742334000,0x00007f5742435000)]

Stack: [0x00007f5742334000,0x00007f5742435000],  sp=0x00007f57424332e0,  free space=1020k
Native frames: (J=compiled Java code, A=aot compiled Java code, j=interpreted, Vv=VM code, C=native code)
V  [libjvm.so+0xd27ea4]
V  [libjvm.so+0xd28a4b]
V  [libjvm.so+0x64d415]
V  [libjvm.so+0xb2d7c8]
V  [libjvm.so+0xb2601d]
V  [libjvm.so+0x7662ff]
V  [libjvm.so+0x76653e]
V  [libjvm.so+0x769500]
V  [libjvm.so+0x7efa1c]
V  [libjvm.so+0x7f06df]
V  [libjvm.so+0x7f0b59]
V  [libjvm.so+0x7162cf]
V  [libjvm.so+0x71afd3]
V  [libjvm.so+0xce5dc2]
V  [libjvm.so+0xce60c6]
V  [libjvm.so+0x807d57]
V  [libjvm.so+0xcc7ac4]
V  [libjvm.so+0x8601b1]  JNI_CreateJavaVM+0x51
C  [libjli.so+0x3d83]
C  [libjli.so+0x89dd]
C  [libpthread.so.0+0x76db]  start_thread+0xdb


---------------  P R O C E S S  ---------------

Threads class SMR info:
_java_thread_list=0x000055a89fd3a080, length=0, elements={
}

Java Threads: ( => current thread )

Other Threads:
  0x00007f573802e000 GCTaskThread "GC Thread#0" [stack: 0x00007f573e462000,0x00007f573e562000] [id=20933]
  0x00007f573802f800 GCTaskThread "GC Thread#1" [stack: 0x00007f573e360000,0x00007f573e460000] [id=20934]
  0x00007f5738031800 GCTaskThread "GC Thread#2" [stack: 0x00007f573e25e000,0x00007f573e35e000] [id=20935]
  0x00007f5738033000 GCTaskThread "GC Thread#3" [stack: 0x00007f573e15c000,0x00007f573e25c000] [id=20936]
  0x00007f5738034800 GCTaskThread "GC Thread#4" [stack: 0x00007f573e05a000,0x00007f573e15a000] [id=20937]
  0x00007f5738036800 GCTaskThread "GC Thread#5" [stack: 0x00007f573df58000,0x00007f573e058000] [id=20938]
  0x00007f5738038000 GCTaskThread "GC Thread#6" [stack: 0x00007f573de56000,0x00007f573df56000] [id=20939]
  0x00007f573803a000 GCTaskThread "GC Thread#7" [stack: 0x00007f573dd54000,0x00007f573de54000] [id=20940]
  0x00007f573803b800 GCTaskThread "GC Thread#8" [stack: 0x00007f573dc52000,0x00007f573dd52000] [id=20941]
  0x00007f573803d000 GCTaskThread "GC Thread#9" [stack: 0x00007f573db50000,0x00007f573dc50000] [id=20942]
  0x00007f573803f000 GCTaskThread "GC Thread#10" [stack: 0x00007f573da4e000,0x00007f573db4e000] [id=20943]
  0x00007f5738040800 GCTaskThread "GC Thread#11" [stack: 0x00007f573d94c000,0x00007f573da4c000] [id=20944]
  0x00007f5738042800 GCTaskThread "GC Thread#12" [stack: 0x00007f573d84a000,0x00007f573d94a000] [id=20945]
  0x00007f5738044000 GCTaskThread "GC Thread#13" [stack: 0x00007f573d748000,0x00007f573d848000] [id=20946]
  0x00007f5738046000 GCTaskThread "GC Thread#14" [stack: 0x00007f573d646000,0x00007f573d746000] [id=20947]
  0x00007f5738047800 GCTaskThread "GC Thread#15" [stack: 0x00007f573d544000,0x00007f573d644000] [id=20948]
  0x00007f5738049000 GCTaskThread "GC Thread#16" [stack: 0x00007f573d442000,0x00007f573d542000] [id=20949]
  0x00007f573804b000 GCTaskThread "GC Thread#17" [stack: 0x00007f573d340000,0x00007f573d440000] [id=20950]
  0x00007f573804c800 GCTaskThread "GC Thread#18" [stack: 0x00007f573d23e000,0x00007f573d33e000] [id=20951]
  0x00007f573804e800 GCTaskThread "GC Thread#19" [stack: 0x00007f573d13c000,0x00007f573d23c000] [id=20952]
  0x00007f5738050000 GCTaskThread "GC Thread#20" [stack: 0x00007f573d03a000,0x00007f573d13a000] [id=20953]
  0x00007f5738051800 GCTaskThread "GC Thread#21" [stack: 0x00007f573cf38000,0x00007f573d038000] [id=20954]
  0x00007f5738053800 GCTaskThread "GC Thread#22" [stack: 0x00007f573ce36000,0x00007f573cf36000] [id=20955]
  0x00007f5738055000 GCTaskThread "GC Thread#23" [stack: 0x00007f573cd34000,0x00007f573ce34000] [id=20956]
  0x00007f5738057000 GCTaskThread "GC Thread#24" [stack: 0x00007f573cc32000,0x00007f573cd32000] [id=20957]
  0x00007f5738058800 GCTaskThread "GC Thread#25" [stack: 0x00007f573cb30000,0x00007f573cc30000] [id=20958]
  0x00007f573805a000 GCTaskThread "GC Thread#26" [stack: 0x00007f573ca2e000,0x00007f573cb2e000] [id=20959]
  0x00007f573805c000 GCTaskThread "GC Thread#27" [stack: 0x00007f573c92c000,0x00007f573ca2c000] [id=20960]
  0x00007f573805d800 GCTaskThread "GC Thread#28" [stack: 0x00007f573c82a000,0x00007f573c92a000] [id=20961]
  0x00007f573805f800 GCTaskThread "GC Thread#29" [stack: 0x00007f573c728000,0x00007f573c828000] [id=20962]
  0x00007f5738061000 GCTaskThread "GC Thread#30" [stack: 0x00007f573c626000,0x00007f573c726000] [id=20963]
  0x00007f5738062800 GCTaskThread "GC Thread#31" [stack: 0x00007f573c524000,0x00007f573c624000] [id=20964]
  0x00007f5738064800 GCTaskThread "GC Thread#32" [stack: 0x00007f573c422000,0x00007f573c522000] [id=20965]
  0x00007f5738066000 GCTaskThread "GC Thread#33" [stack: 0x00007f573c320000,0x00007f573c420000] [id=20966]
  0x00007f5738068000 GCTaskThread "GC Thread#34" [stack: 0x00007f573c21e000,0x00007f573c31e000] [id=20967]
  0x00007f5738069800 GCTaskThread "GC Thread#35" [stack: 0x00007f573c11c000,0x00007f573c21c000] [id=20968]
  0x00007f573806b000 GCTaskThread "GC Thread#36" [stack: 0x00007f573c01a000,0x00007f573c11a000] [id=20969]
  0x00007f573806d000 GCTaskThread "GC Thread#37" [stack: 0x00007f571fa25000,0x00007f571fb25000] [id=20970]
  0x00007f573806e800 GCTaskThread "GC Thread#38" [stack: 0x00007f571f923000,0x00007f571fa23000] [id=20971]
  0x00007f5738070800 GCTaskThread "GC Thread#39" [stack: 0x00007f571f821000,0x00007f571f921000] [id=20972]
  0x00007f5738072000 GCTaskThread "GC Thread#40" [stack: 0x00007f571f71f000,0x00007f571f81f000] [id=20973]
  0x00007f5738073800 GCTaskThread "GC Thread#41" [stack: 0x00007f571f61d000,0x00007f571f71d000] [id=20974]
  0x00007f5738075800 GCTaskThread "GC Thread#42" [stack: 0x00007f571f51b000,0x00007f571f61b000] [id=20975]
  0x00007f5738077000 GCTaskThread "GC Thread#43" [stack: 0x00007f571f419000,0x00007f571f519000] [id=20976]
  0x00007f5738079000 GCTaskThread "GC Thread#44" [stack: 0x00007f571f317000,0x00007f571f417000] [id=20977]
  0x00007f573807a800 GCTaskThread "GC Thread#45" [stack: 0x00007f571f215000,0x00007f571f315000] [id=20978]
  0x00007f573807c800 GCTaskThread "GC Thread#46" [stack: 0x00007f571f113000,0x00007f571f213000] [id=20979]
  0x00007f573807e000 GCTaskThread "GC Thread#47" [stack: 0x00007f571f011000,0x00007f571f111000] [id=20980]
  0x00007f573807f800 GCTaskThread "GC Thread#48" [stack: 0x00007f571ef0f000,0x00007f571f00f000] [id=20981]
  0x00007f5738081800 GCTaskThread "GC Thread#49" [stack: 0x00007f571ee0d000,0x00007f571ef0d000] [id=20982]
  0x00007f5738083000 GCTaskThread "GC Thread#50" [stack: 0x00007f571ed0b000,0x00007f571ee0b000] [id=20983]
  0x00007f5738085000 GCTaskThread "GC Thread#51" [stack: 0x00007f571ec09000,0x00007f571ed09000] [id=20984]
  0x00007f5738086800 GCTaskThread "GC Thread#52" [stack: 0x00007f571eb07000,0x00007f571ec07000] [id=20985]
  0x00007f57380a0800 ConcurrentGCThread "G1 Main Marker" [stack: 0x00007f5644df5000,0x00007f5644ef5000] [id=20986]
  0x00007f57380a2000 ConcurrentGCThread "G1 Conc#0" [stack: 0x00007f5644cf3000,0x00007f5644df3000] [id=20987]
  0x00007f57380a4000 ConcurrentGCThread "G1 Conc#1" [stack: 0x00007f5644bf1000,0x00007f5644cf1000] [id=20988]
  0x00007f57380a5800 ConcurrentGCThread "G1 Conc#2" [stack: 0x00007f5644aef000,0x00007f5644bef000] [id=20989]
  0x00007f57380a7000 ConcurrentGCThread "G1 Conc#3" [stack: 0x00007f56449ed000,0x00007f5644aed000] [id=20990]
  0x00007f57380a9000 ConcurrentGCThread "G1 Conc#4" [stack: 0x00007f56448eb000,0x00007f56449eb000] [id=20991]
  0x00007f57380aa800 ConcurrentGCThread "G1 Conc#5" [stack: 0x00007f56447e9000,0x00007f56448e9000] [id=20992]
  0x00007f57380ac800 ConcurrentGCThread "G1 Conc#6" [stack: 0x00007f56446e7000,0x00007f56447e7000] [id=20993]
  0x00007f57380ae000 ConcurrentGCThread "G1 Conc#7" [stack: 0x00007f56445e5000,0x00007f56446e5000] [id=20994]
  0x00007f57380af800 ConcurrentGCThread "G1 Conc#8" [stack: 0x00007f56444e3000,0x00007f56445e3000] [id=20995]
  0x00007f57380b1800 ConcurrentGCThread "G1 Conc#9" [stack: 0x00007f56443e1000,0x00007f56444e1000] [id=20996]
  0x00007f57380b3000 ConcurrentGCThread "G1 Conc#10" [stack: 0x00007f56442df000,0x00007f56443df000] [id=20997]
  0x00007f57380b5000 ConcurrentGCThread "G1 Conc#11" [stack: 0x00007f56441dd000,0x00007f56442dd000] [id=20998]
  0x00007f57380b6800 ConcurrentGCThread "G1 Conc#12" [stack: 0x00007f56440db000,0x00007f56441db000] [id=20999]

[error occurred during error reporting (printing all threads), id 0xe0000002]

VM state:not at safepoint (not fully initialized)

VM Mutex/Monitor currently owned by a thread:  ([mutex/lock_event])
[0x00007f573800fa20] Heap_lock - owner thread: 0x00007f5738013000

Heap address: 0x00000000c0000000, size: 1024 MB, Compressed Oops mode: Non-zero based: 0x00000000c0000000
Narrow klass base: 0x0000000000000000, Narrow klass shift: 0

GC Heap History (0 events):
No events

Deoptimization events (0 events):
No events

Classes redefined (0 events):
No events

Internal exceptions (0 events):
No events

Events (0 events):
No events


Dynamic libraries:
d0000000-100000000 ---p 00000000 00:00 0 
55a89f1ab000-55a89f1ac000 r-xp 00000000 08:22 3671113                    /usr/lib/jvm/java-11-openjdk-amd64/bin/java
55a89f3ac000-55a89f3ad000 r--p 00001000 08:22 3671113                    /usr/lib/jvm/java-11-openjdk-amd64/bin/java
55a89f3ad000-55a89f3ae000 rw-p 00002000 08:22 3671113                    /usr/lib/jvm/java-11-openjdk-amd64/bin/java
55a89fd22000-55a89fd43000 rw-p 00000000 00:00 0                          [heap]
7f56069ea000-7f5608000000 rw-p 00000000 00:00 0 
7f5608000000-7f5608021000 rw-p 00000000 00:00 0 
7f5608021000-7f560c000000 ---p 00000000 00:00 0 
7f560c0e1000-7f5610000000 rw-p 00000000 00:00 0 
7f5610000000-7f5610021000 rw-p 00000000 00:00 0 
7f5610021000-7f5614000000 ---p 00000000 00:00 0 
7f5614000000-7f5614021000 rw-p 00000000 00:00 0 
7f5614021000-7f5618000000 ---p 00000000 00:00 0 
7f5618000000-7f5618021000 rw-p 00000000 00:00 0 
7f5618021000-7f561c000000 ---p 00000000 00:00 0 
7f561c000000-7f561c021000 rw-p 00000000 00:00 0 
7f561c021000-7f5620000000 ---p 00000000 00:00 0 
7f5620000000-7f5620021000 rw-p 00000000 00:00 0 
7f5620021000-7f5624000000 ---p 00000000 00:00 0 
7f5624000000-7f5624021000 rw-p 00000000 00:00 0 
7f5624021000-7f5628000000 ---p 00000000 00:00 0 
7f5628000000-7f5628021000 rw-p 00000000 00:00 0 
7f5628021000-7f562c000000 ---p 00000000 00:00 0 
7f562c000000-7f562c021000 rw-p 00000000 00:00 0 
7f562c021000-7f5630000000 ---p 00000000 00:00 0 
7f5630000000-7f5630021000 rw-p 00000000 00:00 0 
7f5630021000-7f5634000000 ---p 00000000 00:00 0 
7f5634000000-7f5634021000 rw-p 00000000 00:00 0 
7f5634021000-7f5638000000 ---p 00000000 00:00 0 
7f5638000000-7f5638021000 rw-p 00000000 00:00 0 
7f5638021000-7f563c000000 ---p 00000000 00:00 0 
7f563c000000-7f563c021000 rw-p 00000000 00:00 0 
7f563c021000-7f5640000000 ---p 00000000 00:00 0 
7f5640000000-7f5640021000 rw-p 00000000 00:00 0 
7f5640021000-7f5644000000 ---p 00000000 00:00 0 
7f56440d9000-7f56440da000 ---p 00000000 00:00 0 
7f56440da000-7f56441db000 rw-p 00000000 00:00 0 
7f56441db000-7f56441dc000 ---p 00000000 00:00 0 
7f56441dc000-7f56442dd000 rw-p 00000000 00:00 0 
7f56442dd000-7f56442de000 ---p 00000000 00:00 0 
7f56442de000-7f56443df000 rw-p 00000000 00:00 0 
7f56443df000-7f56443e0000 ---p 00000000 00:00 0 
7f56443e0000-7f56444e1000 rw-p 00000000 00:00 0 
7f56444e1000-7f56444e2000 ---p 00000000 00:00 0 
7f56444e2000-7f56445e3000 rw-p 00000000 00:00 0 
7f56445e3000-7f56445e4000 ---p 00000000 00:00 0 
7f56445e4000-7f56446e5000 rw-p 00000000 00:00 0 
7f56446e5000-7f56446e6000 ---p 00000000 00:00 0 
7f56446e6000-7f56447e7000 rw-p 00000000 00:00 0 
7f56447e7000-7f56447e8000 ---p 00000000 00:00 0 
7f56447e8000-7f56448e9000 rw-p 00000000 00:00 0 
7f56448e9000-7f56448ea000 ---p 00000000 00:00 0 
7f56448ea000-7f56449eb000 rw-p 00000000 00:00 0 
7f56449eb000-7f56449ec000 ---p 00000000 00:00 0 
7f56449ec000-7f5644aed000 rw-p 00000000 00:00 0 
7f5644aed000-7f5644aee000 ---p 00000000 00:00 0 
7f5644aee000-7f5644bef000 rw-p 00000000 00:00 0 
7f5644bef000-7f5644bf0000 ---p 00000000 00:00 0 
7f5644bf0000-7f5644cf1000 rw-p 00000000 00:00 0 
7f5644cf1000-7f5644cf2000 ---p 00000000 00:00 0 
7f5644cf2000-7f5644df3000 rw-p 00000000 00:00 0 
7f5644df3000-7f5644df4000 ---p 00000000 00:00 0 
7f5644df4000-7f5644ef5000 rw-p 00000000 00:00 0 
7f5644ef5000-7f56474f5000 ---p 00000000 00:00 0 
7f56474f5000-7f5648000000 rw-p 00000000 00:00 0 
7f5648000000-7f5648021000 rw-p 00000000 00:00 0 
7f5648021000-7f564c000000 ---p 00000000 00:00 0 
7f564c000000-7f564c021000 rw-p 00000000 00:00 0 
7f564c021000-7f5650000000 ---p 00000000 00:00 0 
7f5650000000-7f5650021000 rw-p 00000000 00:00 0 
7f5650021000-7f5654000000 ---p 00000000 00:00 0 
7f5654000000-7f5654021000 rw-p 00000000 00:00 0 
7f5654021000-7f5658000000 ---p 00000000 00:00 0 
7f5658000000-7f5658021000 rw-p 00000000 00:00 0 
7f5658021000-7f565c000000 ---p 00000000 00:00 0 
7f565c000000-7f565c021000 rw-p 00000000 00:00 0 
7f565c021000-7f5660000000 ---p 00000000 00:00 0 
7f5660000000-7f5660021000 rw-p 00000000 00:00 0 
7f5660021000-7f5664000000 ---p 00000000 00:00 0 
7f5664000000-7f5664021000 rw-p 00000000 00:00 0 
7f5664021000-7f5668000000 ---p 00000000 00:00 0 
7f5668000000-7f5668021000 rw-p 00000000 00:00 0 
7f5668021000-7f566c000000 ---p 00000000 00:00 0 
7f566c000000-7f566c021000 rw-p 00000000 00:00 0 
7f566c021000-7f5670000000 ---p 00000000 00:00 0 
7f5670000000-7f5670021000 rw-p 00000000 00:00 0 
7f5670021000-7f5674000000 ---p 00000000 00:00 0 
7f5674000000-7f5674021000 rw-p 00000000 00:00 0 
7f5674021000-7f5678000000 ---p 00000000 00:00 0 
7f5678000000-7f5678021000 rw-p 00000000 00:00 0 
7f5678021000-7f567c000000 ---p 00000000 00:00 0 
7f567c000000-7f567c021000 rw-p 00000000 00:00 0 
7f567c021000-7f5680000000 ---p 00000000 00:00 0 
7f5680000000-7f5680021000 rw-p 00000000 00:00 0 
7f5680021000-7f5684000000 ---p 00000000 00:00 0 
7f5684000000-7f5684021000 rw-p 00000000 00:00 0 
7f5684021000-7f5688000000 ---p 00000000 00:00 0 
7f5688000000-7f5688021000 rw-p 00000000 00:00 0 
7f5688021000-7f568c000000 ---p 00000000 00:00 0 
7f568c000000-7f568c021000 rw-p 00000000 00:00 0 
7f568c021000-7f5690000000 ---p 00000000 00:00 0 
7f5690000000-7f5690021000 rw-p 00000000 00:00 0 
7f5690021000-7f5694000000 ---p 00000000 00:00 0 
7f5694000000-7f5694021000 rw-p 00000000 00:00 0 
7f5694021000-7f5698000000 ---p 00000000 00:00 0 
7f5698000000-7f5698021000 rw-p 00000000 00:00 0 
7f5698021000-7f569c000000 ---p 00000000 00:00 0 
7f569c000000-7f569c021000 rw-p 00000000 00:00 0 
7f569c021000-7f56a0000000 ---p 00000000 00:00 0 
7f56a0000000-7f56a0021000 rw-p 00000000 00:00 0 
7f56a0021000-7f56a4000000 ---p 00000000 00:00 0 
7f56a4000000-7f56a4021000 rw-p 00000000 00:00 0 
7f56a4021000-7f56a8000000 ---p 00000000 00:00 0 
7f56a8000000-7f56a8021000 rw-p 00000000 00:00 0 
7f56a8021000-7f56ac000000 ---p 00000000 00:00 0 
7f56ac000000-7f56ac021000 rw-p 00000000 00:00 0 
7f56ac021000-7f56b0000000 ---p 00000000 00:00 0 
7f56b0000000-7f56b0021000 rw-p 00000000 00:00 0 
7f56b0021000-7f56b4000000 ---p 00000000 00:00 0 
7f56b4000000-7f56b4021000 rw-p 00000000 00:00 0 
7f56b4021000-7f56b8000000 ---p 00000000 00:00 0 
7f56b8000000-7f56b8021000 rw-p 00000000 00:00 0 
7f56b8021000-7f56bc000000 ---p 00000000 00:00 0 
7f56bc000000-7f56bc021000 rw-p 00000000 00:00 0 
7f56bc021000-7f56c0000000 ---p 00000000 00:00 0 
7f56c0000000-7f56c0021000 rw-p 00000000 00:00 0 
7f56c0021000-7f56c4000000 ---p 00000000 00:00 0 
7f56c4000000-7f56c4021000 rw-p 00000000 00:00 0 
7f56c4021000-7f56c8000000 ---p 00000000 00:00 0 
7f56c8000000-7f56c8021000 rw-p 00000000 00:00 0 
7f56c8021000-7f56cc000000 ---p 00000000 00:00 0 
7f56cc000000-7f56cc021000 rw-p 00000000 00:00 0 
7f56cc021000-7f56d0000000 ---p 00000000 00:00 0 
7f56d0000000-7f56d0021000 rw-p 00000000 00:00 0 
7f56d0021000-7f56d4000000 ---p 00000000 00:00 0 
7f56d4000000-7f56d4021000 rw-p 00000000 00:00 0 
7f56d4021000-7f56d8000000 ---p 00000000 00:00 0 
7f56d8000000-7f56d8021000 rw-p 00000000 00:00 0 
7f56d8021000-7f56dc000000 ---p 00000000 00:00 0 
7f56dc000000-7f56dc021000 rw-p 00000000 00:00 0 
7f56dc021000-7f56e0000000 ---p 00000000 00:00 0 
7f56e0000000-7f56e0021000 rw-p 00000000 00:00 0 
7f56e0021000-7f56e4000000 ---p 00000000 00:00 0 
7f56e4000000-7f56e4021000 rw-p 00000000 00:00 0 
7f56e4021000-7f56e8000000 ---p 00000000 00:00 0 
7f56e8000000-7f56e8021000 rw-p 00000000 00:00 0 
7f56e8021000-7f56ec000000 ---p 00000000 00:00 0 
7f56ec000000-7f56ec021000 rw-p 00000000 00:00 0 
7f56ec021000-7f56f0000000 ---p 00000000 00:00 0 
7f56f0000000-7f56f0021000 rw-p 00000000 00:00 0 
7f56f0021000-7f56f4000000 ---p 00000000 00:00 0 
7f56f4000000-7f56f4021000 rw-p 00000000 00:00 0 
7f56f4021000-7f56f8000000 ---p 00000000 00:00 0 
7f56f8000000-7f56f8021000 rw-p 00000000 00:00 0 
7f56f8021000-7f56fc000000 ---p 00000000 00:00 0 
7f56fc000000-7f56fc021000 rw-p 00000000 00:00 0 
7f56fc021000-7f5700000000 ---p 00000000 00:00 0 
7f5700000000-7f5700021000 rw-p 00000000 00:00 0 
7f5700021000-7f5704000000 ---p 00000000 00:00 0 
7f5704000000-7f5704021000 rw-p 00000000 00:00 0 
7f5704021000-7f5708000000 ---p 00000000 00:00 0 
7f5708000000-7f5708021000 rw-p 00000000 00:00 0 
7f5708021000-7f570c000000 ---p 00000000 00:00 0 
7f570c000000-7f570c021000 rw-p 00000000 00:00 0 
7f570c021000-7f5710000000 ---p 00000000 00:00 0 
7f5710000000-7f5710021000 rw-p 00000000 00:00 0 
7f5710021000-7f5714000000 ---p 00000000 00:00 0 
7f5714000000-7f5714021000 rw-p 00000000 00:00 0 
7f5714021000-7f5718000000 ---p 00000000 00:00 0 
7f5718000000-7f5718021000 rw-p 00000000 00:00 0 
7f5718021000-7f571c000000 ---p 00000000 00:00 0 
7f571c09b000-7f571eb05000 rw-p 00000000 00:00 0 
7f571eb05000-7f571eb06000 ---p 00000000 00:00 0 
7f571eb06000-7f571ec07000 rw-p 00000000 00:00 0 
7f571ec07000-7f571ec08000 ---p 00000000 00:00 0 
7f571ec08000-7f571ed09000 rw-p 00000000 00:00 0 
7f571ed09000-7f571ed0a000 ---p 00000000 00:00 0 
7f571ed0a000-7f571ee0b000 rw-p 00000000 00:00 0 
7f571ee0b000-7f571ee0c000 ---p 00000000 00:00 0 
7f571ee0c000-7f571ef0d000 rw-p 00000000 00:00 0 
7f571ef0d000-7f571ef0e000 ---p 00000000 00:00 0 
7f571ef0e000-7f571f00f000 rw-p 00000000 00:00 0 
7f571f00f000-7f571f010000 ---p 00000000 00:00 0 
7f571f010000-7f571f111000 rw-p 00000000 00:00 0 
7f571f111000-7f571f112000 ---p 00000000 00:00 0 
7f571f112000-7f571f213000 rw-p 00000000 00:00 0 
7f571f213000-7f571f214000 ---p 00000000 00:00 0 
7f571f214000-7f571f315000 rw-p 00000000 00:00 0 
7f571f315000-7f571f316000 ---p 00000000 00:00 0 
7f571f316000-7f571f417000 rw-p 00000000 00:00 0 
7f571f417000-7f571f418000 ---p 00000000 00:00 0 
7f571f418000-7f571f519000 rw-p 00000000 00:00 0 
7f571f519000-7f571f51a000 ---p 00000000 00:00 0 
7f571f51a000-7f571f61b000 rw-p 00000000 00:00 0 
7f571f61b000-7f571f61c000 ---p 00000000 00:00 0 
7f571f61c000-7f571f71d000 rw-p 00000000 00:00 0 
7f571f71d000-7f571f71e000 ---p 00000000 00:00 0 
7f571f71e000-7f571f81f000 rw-p 00000000 00:00 0 
7f571f81f000-7f571f820000 ---p 00000000 00:00 0 
7f571f820000-7f571f921000 rw-p 00000000 00:00 0 
7f571f921000-7f571f922000 ---p 00000000 00:00 0 
7f571f922000-7f571fa23000 rw-p 00000000 00:00 0 
7f571fa23000-7f571fa24000 ---p 00000000 00:00 0 
7f571fa24000-7f571fb25000 rw-p 00000000 00:00 0 
7f571fb25000-7f571fd95000 rwxp 00000000 00:00 0 
7f571fd95000-7f5720382000 ---p 00000000 00:00 0 
7f5720382000-7f57205f2000 rwxp 00000000 00:00 0 
7f57205f2000-7f5727753000 ---p 00000000 00:00 0 
7f5727753000-7f57279c3000 rwxp 00000000 00:00 0 
7f57279c3000-7f572eb25000 ---p 00000000 00:00 0 
7f572eb25000-7f5738000000 r--s 00000000 08:22 3671288                    /usr/lib/jvm/java-11-openjdk-amd64/lib/modules
7f5738000000-7f57380d4000 rw-p 00000000 00:00 0 
7f57380d4000-7f573c000000 ---p 00000000 00:00 0 
7f573c018000-7f573c019000 ---p 00000000 00:00 0 
7f573c019000-7f573c11a000 rw-p 00000000 00:00 0 
7f573c11a000-7f573c11b000 ---p 00000000 00:00 0 
7f573c11b000-7f573c21c000 rw-p 00000000 00:00 0 
7f573c21c000-7f573c21d000 ---p 00000000 00:00 0 
7f573c21d000-7f573c31e000 rw-p 00000000 00:00 0 
7f573c31e000-7f573c31f000 ---p 00000000 00:00 0 
7f573c31f000-7f573c420000 rw-p 00000000 00:00 0 
7f573c420000-7f573c421000 ---p 00000000 00:00 0 
7f573c421000-7f573c522000 rw-p 00000000 00:00 0 
7f573c522000-7f573c523000 ---p 00000000 00:00 0 
7f573c523000-7f573c624000 rw-p 00000000 00:00 0 
7f573c624000-7f573c625000 ---p 00000000 00:00 0 
7f573c625000-7f573c726000 rw-p 00000000 00:00 0 
7f573c726000-7f573c727000 ---p 00000000 00:00 0 
7f573c727000-7f573c828000 rw-p 00000000 00:00 0 
7f573c828000-7f573c829000 ---p 00000000 00:00 0 
7f573c829000-7f573c92a000 rw-p 00000000 00:00 0 
7f573c92a000-7f573c92b000 ---p 00000000 00:00 0 
7f573c92b000-7f573ca2c000 rw-p 00000000 00:00 0 
7f573ca2c000-7f573ca2d000 ---p 00000000 00:00 0 
7f573ca2d000-7f573cb2e000 rw-p 00000000 00:00 0 
7f573cb2e000-7f573cb2f000 ---p 00000000 00:00 0 
7f573cb2f000-7f573cc30000 rw-p 00000000 00:00 0 
7f573cc30000-7f573cc31000 ---p 00000000 00:00 0 
7f573cc31000-7f573cd32000 rw-p 00000000 00:00 0 
7f573cd32000-7f573cd33000 ---p 00000000 00:00 0 
7f573cd33000-7f573ce34000 rw-p 00000000 00:00 0 
7f573ce34000-7f573ce35000 ---p 00000000 00:00 0 
7f573ce35000-7f573cf36000 rw-p 00000000 00:00 0 
7f573cf36000-7f573cf37000 ---p 00000000 00:00 0 
7f573cf37000-7f573d038000 rw-p 00000000 00:00 0 
7f573d038000-7f573d039000 ---p 00000000 00:00 0 
7f573d039000-7f573d13a000 rw-p 00000000 00:00 0 
7f573d13a000-7f573d13b000 ---p 00000000 00:00 0 
7f573d13b000-7f573d23c000 rw-p 00000000 00:00 0 
7f573d23c000-7f573d23d000 ---p 00000000 00:00 0 
7f573d23d000-7f573d33e000 rw-p 00000000 00:00 0 
7f573d33e000-7f573d33f000 ---p 00000000 00:00 0 
7f573d33f000-7f573d440000 rw-p 00000000 00:00 0 
7f573d440000-7f573d441000 ---p 00000000 00:00 0 
7f573d441000-7f573d542000 rw-p 00000000 00:00 0 
7f573d542000-7f573d543000 ---p 00000000 00:00 0 
7f573d543000-7f573d644000 rw-p 00000000 00:00 0 
7f573d644000-7f573d645000 ---p 00000000 00:00 0 
7f573d645000-7f573d746000 rw-p 00000000 00:00 0 
7f573d746000-7f573d747000 ---p 00000000 00:00 0 
7f573d747000-7f573d848000 rw-p 00000000 00:00 0 
7f573d848000-7f573d849000 ---p 00000000 00:00 0 
7f573d849000-7f573d94a000 rw-p 00000000 00:00 0 
7f573d94a000-7f573d94b000 ---p 00000000 00:00 0 
7f573d94b000-7f573da4c000 rw-p 00000000 00:00 0 
7f573da4c000-7f573da4d000 ---p 00000000 00:00 0 
7f573da4d000-7f573db4e000 rw-p 00000000 00:00 0 
7f573db4e000-7f573db4f000 ---p 00000000 00:00 0 
7f573db4f000-7f573dc50000 rw-p 00000000 00:00 0 
7f573dc50000-7f573dc51000 ---p 00000000 00:00 0 
7f573dc51000-7f573dd52000 rw-p 00000000 00:00 0 
7f573dd52000-7f573dd53000 ---p 00000000 00:00 0 
7f573dd53000-7f573de54000 rw-p 00000000 00:00 0 
7f573de54000-7f573de55000 ---p 00000000 00:00 0 
7f573de55000-7f573df56000 rw-p 00000000 00:00 0 
7f573df56000-7f573df57000 ---p 00000000 00:00 0 
7f573df57000-7f573e058000 rw-p 00000000 00:00 0 
7f573e058000-7f573e059000 ---p 00000000 00:00 0 
7f573e059000-7f573e15a000 rw-p 00000000 00:00 0 
7f573e15a000-7f573e15b000 ---p 00000000 00:00 0 
7f573e15b000-7f573e25c000 rw-p 00000000 00:00 0 
7f573e25c000-7f573e25d000 ---p 00000000 00:00 0 
7f573e25d000-7f573e35e000 rw-p 00000000 00:00 0 
7f573e35e000-7f573e35f000 ---p 00000000 00:00 0 
7f573e35f000-7f573e460000 rw-p 00000000 00:00 0 
7f573e460000-7f573e461000 ---p 00000000 00:00 0 
7f573e461000-7f573e567000 rw-p 00000000 00:00 0 
7f573e567000-7f573e64a000 ---p 00000000 00:00 0 
7f573e64a000-7f573e64f000 rw-p 00000000 00:00 0 
7f573e64f000-7f573e732000 ---p 00000000 00:00 0 
7f573e732000-7f573e737000 r-xp 00000000 08:22 3671270                    /usr/lib/jvm/java-11-openjdk-amd64/lib/libjimage.so
7f573e737000-7f573e936000 ---p 00005000 08:22 3671270                    /usr/lib/jvm/java-11-openjdk-amd64/lib/libjimage.so
7f573e936000-7f573e937000 r--p 00004000 08:22 3671270                    /usr/lib/jvm/java-11-openjdk-amd64/lib/libjimage.so
7f573e937000-7f573e938000 rw-p 00005000 08:22 3671270                    /usr/lib/jvm/java-11-openjdk-amd64/lib/libjimage.so
7f573e938000-7f573e93f000 r-xp 00000000 08:22 3671287                    /usr/lib/jvm/java-11-openjdk-amd64/lib/libzip.so
7f573e93f000-7f573eb3e000 ---p 00007000 08:22 3671287                    /usr/lib/jvm/java-11-openjdk-amd64/lib/libzip.so
7f573eb3e000-7f573eb3f000 r--p 00006000 08:22 3671287                    /usr/lib/jvm/java-11-openjdk-amd64/lib/libzip.so
7f573eb3f000-7f573eb40000 rw-p 00007000 08:22 3671287                    /usr/lib/jvm/java-11-openjdk-amd64/lib/libzip.so
7f573eb40000-7f573eb4b000 r-xp 00000000 08:22 7344813                    /lib/x86_64-linux-gnu/libnss_files-2.27.so
7f573eb4b000-7f573ed4a000 ---p 0000b000 08:22 7344813                    /lib/x86_64-linux-gnu/libnss_files-2.27.so
7f573ed4a000-7f573ed4b000 r--p 0000a000 08:22 7344813                    /lib/x86_64-linux-gnu/libnss_files-2.27.so
7f573ed4b000-7f573ed4c000 rw-p 0000b000 08:22 7344813                    /lib/x86_64-linux-gnu/libnss_files-2.27.so
7f573ed4c000-7f573ed52000 rw-p 00000000 00:00 0 
7f573ed52000-7f573ed69000 r-xp 00000000 08:22 7344810                    /lib/x86_64-linux-gnu/libnsl-2.27.so
7f573ed69000-7f573ef68000 ---p 00017000 08:22 7344810                    /lib/x86_64-linux-gnu/libnsl-2.27.so
7f573ef68000-7f573ef69000 r--p 00016000 08:22 7344810                    /lib/x86_64-linux-gnu/libnsl-2.27.so
7f573ef69000-7f573ef6a000 rw-p 00017000 08:22 7344810                    /lib/x86_64-linux-gnu/libnsl-2.27.so
7f573ef6a000-7f573ef6c000 rw-p 00000000 00:00 0 
7f573ef6c000-7f573ef77000 r-xp 00000000 08:22 7344815                    /lib/x86_64-linux-gnu/libnss_nis-2.27.so
7f573ef77000-7f573f176000 ---p 0000b000 08:22 7344815                    /lib/x86_64-linux-gnu/libnss_nis-2.27.so
7f573f176000-7f573f177000 r--p 0000a000 08:22 7344815                    /lib/x86_64-linux-gnu/libnss_nis-2.27.so
7f573f177000-7f573f178000 rw-p 0000b000 08:22 7344815                    /lib/x86_64-linux-gnu/libnss_nis-2.27.so
7f573f178000-7f573f180000 r-xp 00000000 08:22 7344811                    /lib/x86_64-linux-gnu/libnss_compat-2.27.so
7f573f180000-7f573f380000 ---p 00008000 08:22 7344811                    /lib/x86_64-linux-gnu/libnss_compat-2.27.so
7f573f380000-7f573f381000 r--p 00008000 08:22 7344811                    /lib/x86_64-linux-gnu/libnss_compat-2.27.so
7f573f381000-7f573f382000 rw-p 00009000 08:22 7344811                    /lib/x86_64-linux-gnu/libnss_compat-2.27.so
7f573f382000-7f573f3ae000 r-xp 00000000 08:22 3671266                    /usr/lib/jvm/java-11-openjdk-amd64/lib/libjava.so
7f573f3ae000-7f573f5ad000 ---p 0002c000 08:22 3671266                    /usr/lib/jvm/java-11-openjdk-amd64/lib/libjava.so
7f573f5ad000-7f573f5ae000 r--p 0002b000 08:22 3671266                    /usr/lib/jvm/java-11-openjdk-amd64/lib/libjava.so
7f573f5ae000-7f573f5b0000 rw-p 0002c000 08:22 3671266                    /usr/lib/jvm/java-11-openjdk-amd64/lib/libjava.so
7f573f5b0000-7f573f5bd000 r-xp 00000000 08:22 3671286                    /usr/lib/jvm/java-11-openjdk-amd64/lib/libverify.so
7f573f5bd000-7f573f7bc000 ---p 0000d000 08:22 3671286                    /usr/lib/jvm/java-11-openjdk-amd64/lib/libverify.so
7f573f7bc000-7f573f7be000 r--p 0000c000 08:22 3671286                    /usr/lib/jvm/java-11-openjdk-amd64/lib/libverify.so
7f573f7be000-7f573f7bf000 rw-p 0000e000 08:22 3671286                    /usr/lib/jvm/java-11-openjdk-amd64/lib/libverify.so
7f573f7bf000-7f573f7c6000 r-xp 00000000 08:22 7344835                    /lib/x86_64-linux-gnu/librt-2.27.so
7f573f7c6000-7f573f9c5000 ---p 00007000 08:22 7344835                    /lib/x86_64-linux-gnu/librt-2.27.so
7f573f9c5000-7f573f9c6000 r--p 00006000 08:22 7344835                    /lib/x86_64-linux-gnu/librt-2.27.so
7f573f9c6000-7f573f9c7000 rw-p 00007000 08:22 7344835                    /lib/x86_64-linux-gnu/librt-2.27.so
7f573f9c7000-7f573f9de000 r-xp 00000000 08:22 7345415                    /lib/x86_64-linux-gnu/libgcc_s.so.1
7f573f9de000-7f573fbdd000 ---p 00017000 08:22 7345415                    /lib/x86_64-linux-gnu/libgcc_s.so.1
7f573fbdd000-7f573fbde000 r--p 00016000 08:22 7345415                    /lib/x86_64-linux-gnu/libgcc_s.so.1
7f573fbde000-7f573fbdf000 rw-p 00017000 08:22 7345415                    /lib/x86_64-linux-gnu/libgcc_s.so.1
7f573fbdf000-7f573fd7c000 r-xp 00000000 08:22 7344799                    /lib/x86_64-linux-gnu/libm-2.27.so
7f573fd7c000-7f573ff7b000 ---p 0019d000 08:22 7344799                    /lib/x86_64-linux-gnu/libm-2.27.so
7f573ff7b000-7f573ff7c000 r--p 0019c000 08:22 7344799                    /lib/x86_64-linux-gnu/libm-2.27.so
7f573ff7c000-7f573ff7d000 rw-p 0019d000 08:22 7344799                    /lib/x86_64-linux-gnu/libm-2.27.so
7f573ff7d000-7f57400f6000 r-xp 00000000 08:22 6815971                    /usr/lib/x86_64-linux-gnu/libstdc++.so.6.0.25
7f57400f6000-7f57402f6000 ---p 00179000 08:22 6815971                    /usr/lib/x86_64-linux-gnu/libstdc++.so.6.0.25
7f57402f6000-7f5740300000 r--p 00179000 08:22 6815971                    /usr/lib/x86_64-linux-gnu/libstdc++.so.6.0.25
7f5740300000-7f5740302000 rw-p 00183000 08:22 6815971                    /usr/lib/x86_64-linux-gnu/libstdc++.so.6.0.25
7f5740302000-7f5740306000 rw-p 00000000 00:00 0 
7f5740306000-7f57412a3000 r-xp 00000000 08:22 3671293                    /usr/lib/jvm/java-11-openjdk-amd64/lib/server/libjvm.so
7f57412a3000-7f57414a3000 ---p 00f9d000 08:22 3671293                    /usr/lib/jvm/java-11-openjdk-amd64/lib/server/libjvm.so
7f57414a3000-7f5741567000 r--p 00f9d000 08:22 3671293                    /usr/lib/jvm/java-11-openjdk-amd64/lib/server/libjvm.so
7f5741567000-7f574159f000 rw-p 01061000 08:22 3671293                    /usr/lib/jvm/java-11-openjdk-amd64/lib/server/libjvm.so
7f574159f000-7f57415e8000 rw-p 00000000 00:00 0 
7f57415e8000-7f5741602000 r-xp 00000000 08:22 7344831                    /lib/x86_64-linux-gnu/libpthread-2.27.so
7f5741602000-7f5741801000 ---p 0001a000 08:22 7344831                    /lib/x86_64-linux-gnu/libpthread-2.27.so
7f5741801000-7f5741802000 r--p 00019000 08:22 7344831                    /lib/x86_64-linux-gnu/libpthread-2.27.so
7f5741802000-7f5741803000 rw-p 0001a000 08:22 7344831                    /lib/x86_64-linux-gnu/libpthread-2.27.so
7f5741803000-7f5741807000 rw-p 00000000 00:00 0 
7f5741807000-7f574180a000 r-xp 00000000 08:22 7344777                    /lib/x86_64-linux-gnu/libdl-2.27.so
7f574180a000-7f5741a09000 ---p 00003000 08:22 7344777                    /lib/x86_64-linux-gnu/libdl-2.27.so
7f5741a09000-7f5741a0a000 r--p 00002000 08:22 7344777                    /lib/x86_64-linux-gnu/libdl-2.27.so
7f5741a0a000-7f5741a0b000 rw-p 00003000 08:22 7344777                    /lib/x86_64-linux-gnu/libdl-2.27.so
7f5741a0b000-7f5741a27000 r-xp 00000000 08:22 7344851                    /lib/x86_64-linux-gnu/libz.so.1.2.11
7f5741a27000-7f5741c26000 ---p 0001c000 08:22 7344851                    /lib/x86_64-linux-gnu/libz.so.1.2.11
7f5741c26000-7f5741c27000 r--p 0001b000 08:22 7344851                    /lib/x86_64-linux-gnu/libz.so.1.2.11
7f5741c27000-7f5741c28000 rw-p 0001c000 08:22 7344851                    /lib/x86_64-linux-gnu/libz.so.1.2.11
7f5741c28000-7f5741e0f000 r-xp 00000000 08:22 7344766                    /lib/x86_64-linux-gnu/libc-2.27.so
7f5741e0f000-7f574200f000 ---p 001e7000 08:22 7344766                    /lib/x86_64-linux-gnu/libc-2.27.so
7f574200f000-7f5742013000 r--p 001e7000 08:22 7344766                    /lib/x86_64-linux-gnu/libc-2.27.so
7f5742013000-7f5742015000 rw-p 001eb000 08:22 7344766                    /lib/x86_64-linux-gnu/libc-2.27.so
7f5742015000-7f5742019000 rw-p 00000000 00:00 0 
7f5742019000-7f5742028000 r-xp 00000000 08:22 3671251                    /usr/lib/jvm/java-11-openjdk-amd64/lib/jli/libjli.so
7f5742028000-7f5742227000 ---p 0000f000 08:22 3671251                    /usr/lib/jvm/java-11-openjdk-amd64/lib/jli/libjli.so
7f5742227000-7f5742228000 r--p 0000e000 08:22 3671251                    /usr/lib/jvm/java-11-openjdk-amd64/lib/jli/libjli.so
7f5742228000-7f5742229000 rw-p 0000f000 08:22 3671251                    /usr/lib/jvm/java-11-openjdk-amd64/lib/jli/libjli.so
7f5742229000-7f5742250000 r-xp 00000000 08:22 7344754                    /lib/x86_64-linux-gnu/ld-2.27.so
7f5742280000-7f5742328000 rw-p 00000000 00:00 0 
7f5742328000-7f5742334000 ---p 00000000 00:00 0 
7f5742334000-7f5742338000 ---p 00000000 00:00 0 
7f5742338000-7f574243a000 rw-p 00000000 00:00 0 
7f5742443000-7f5742444000 rw-p 00000000 00:00 0 
7f5742444000-7f574244c000 rw-s 00000000 08:22 12586526                   /tmp/hsperfdata_zpeng/20931
7f574244c000-7f574244d000 ---p 00000000 00:00 0 
7f574244d000-7f574244e000 r--p 00000000 00:00 0 
7f574244e000-7f5742450000 rw-p 00000000 00:00 0 
7f5742450000-7f5742451000 r--p 00027000 08:22 7344754                    /lib/x86_64-linux-gnu/ld-2.27.so
7f5742451000-7f5742452000 rw-p 00028000 08:22 7344754                    /lib/x86_64-linux-gnu/ld-2.27.so
7f5742452000-7f5742453000 rw-p 00000000 00:00 0 
7ffd78725000-7ffd78748000 rw-p 00000000 00:00 0                          [stack]
7ffd787a2000-7ffd787a5000 r--p 00000000 00:00 0                          [vvar]
7ffd787a5000-7ffd787a7000 r-xp 00000000 00:00 0                          [vdso]
ffffffffff600000-ffffffffff601000 r-xp 00000000 00:00 0                  [vsyscall]


VM Arguments:
jvm_args: -Dosgi.requiredJavaVersion=1.8 -Dosgi.instance.area.default=@user.home/eclipse-workspace -XX:+UseG1GC -XX:+UseStringDeduplication -Dosgi.requiredJavaVersion=1.8 -Dosgi.dataAreaRequiresExplicitInit=true -Xms256m -Xmx1024m 
java_command: /home/zpeng/apps/eclipse//plugins/org.eclipse.equinox.launcher_1.5.200.v20180922-1751.jar -os linux -ws gtk -arch x86_64 -showsplash /home/zpeng/apps/eclipse//plugins/org.eclipse.epp.package.common_4.10.0.20181214-0600/splash.bmp -launcher /home/zpeng/apps/eclipse/eclipse -name Eclipse --launcher.library /home/zpeng/apps/eclipse//plugins/org.eclipse.equinox.launcher.gtk.linux.x86_64_1.1.900.v20180922-1751/eclipse_1801.so -startup /home/zpeng/apps/eclipse//plugins/org.eclipse.equinox.launcher_1.5.200.v20180922-1751.jar --launcher.appendVmargs -exitdata 60001 -product org.eclipse.epp.package.cpp.product -vm /usr/bin/java -vmargs -Dosgi.requiredJavaVersion=1.8 -Dosgi.instance.area.default=@user.home/eclipse-workspace -XX:+UseG1GC -XX:+UseStringDeduplication -Dosgi.requiredJavaVersion=1.8 -Dosgi.dataAreaRequiresExplicitInit=true -Xms256m -Xmx1024m -jar /home/zpeng/apps/eclipse//plugins/org.eclipse.equinox.launcher_1.5.200.v20180922-1751.jar
java_class_path (initial): /home/zpeng/apps/eclipse//plugins/org.eclipse.equinox.launcher_1.5.200.v20180922-1751.jar
Launcher Type: SUN_STANDARD

Logging:
Log output configuration:
#0: stdout all=warning uptime,level,tags
#1: stderr all=off uptime,level,tags

Environment Variables:
CLASSPATH=/opt/intel//compilers_and_libraries_2019.1.144/linux/mpi/intel64/lib/mpi.jar:/opt/intel/compilers_and_libraries_2019.1.144/linux/daal/lib/daal.jar:/opt/intel//compilers_and_libraries_2019.1.144/linux/mpi/intel64/lib/mpi.jar:/opt/intel/compilers_and_libraries_2019.1.144/linux/daal/lib/daal.jar
PATH=/opt/intel/vtune_amplifier_2019.1.0.579888/bin64:/opt/intel/compilers_and_libraries_2019.1.144/linux/bin/intel64:/opt/intel//compilers_and_libraries_2019.1.144/linux/mpi/intel64/libfabric/bin:/opt/intel//compilers_and_libraries_2019.1.144/linux/mpi/intel64/bin:/opt/intel/vtune_amplifier_2019.1.0.579888/bin64:/opt/intel/compilers_and_libraries_2019.1.144/linux/bin/intel64:/opt/intel//compilers_and_libraries_2019.1.144/linux/mpi/intel64/libfabric/bin:/opt/intel//compilers_and_libraries_2019.1.144/linux/mpi/intel64/bin:/opt/intel/debugger_2019/gdb/intel64/bin:/usr/local/sbin:/usr/local/bin:/usr/sbin:/usr/bin:/sbin:/bin:/usr/games:/usr/local/games:/snap/bin:/home/zpeng/.linuxbrew/bin:/home/zpeng/.linuxbrew/bin:/home/zpeng/apps/bin:/home/zpeng/.linuxbrew/bin:/home/zpeng/apps/bin
LD_LIBRARY_PATH=/opt/intel/compilers_and_libraries_2019.1.144/linux/compiler/lib/intel64_lin:/opt/intel//compilers_and_libraries_2019.1.144/linux/mpi/intel64/libfabric/lib:/opt/intel//compilers_and_libraries_2019.1.144/linux/mpi/intel64/lib/release:/opt/intel//compilers_and_libraries_2019.1.144/linux/mpi/intel64/lib:/opt/intel/compilers_and_libraries_2019.1.144/linux/ipp/lib/intel64:/opt/intel/compilers_and_libraries_2019.1.144/linux/compiler/lib/intel64_lin:/opt/intel/compilers_and_libraries_2019.1.144/linux/mkl/lib/intel64_lin:/opt/intel/compilers_and_libraries_2019.1.144/linux/tbb/lib/intel64/gcc4.7:/opt/intel/compilers_and_libraries_2019.1.144/linux/tbb/lib/intel64/gcc4.7:/opt/intel/compilers_and_libraries_2019.1.144/linux/daal/lib/intel64_lin:/opt/intel/compilers_and_libraries_2019.1.144/linux/compiler/lib/intel64_lin:/opt/intel//compilers_and_libraries_2019.1.144/linux/mpi/intel64/libfabric/lib:/opt/intel//compilers_and_libraries_2019.1.144/linux/mpi/intel64/lib/release:/opt/intel//compilers_and_libraries_2019.1.144/linux/mpi/intel64/lib:/opt/intel/compilers_and_libraries_2019.1.144/linux/ipp/lib/intel64:/opt/intel/compilers_and_libraries_2019.1.144/linux/compiler/lib/intel64_lin:/opt/intel/compilers_and_libraries_2019.1.144/linux/mkl/lib/intel64_lin:/opt/intel/compilers_and_libraries_2019.1.144/linux/tbb/lib/intel64/gcc4.7:/opt/intel/compilers_and_libraries_2019.1.144/linux/tbb/lib/intel64/gcc4.7:/opt/intel/debugger_2019/libipt/intel64/lib:/opt/intel/compilers_and_libraries_2019.1.144/linux/daal/lib/intel64_lin:/opt/intel/compilers_and_libraries_2019.1.144/linux/daal/../tbb/lib/intel64_lin/gcc4.4
SHELL=/home/zpeng/.linuxbrew/bin/zsh
DISPLAY=localhost:10.0

Signal Handlers:
SIGSEGV: [libjvm.so+0xd28b70], sa_mask[0]=11111111011111111101111111111110, sa_flags=SA_RESTART|SA_SIGINFO
SIGBUS: [libjvm.so+0xd28b70], sa_mask[0]=11111111011111111101111111111110, sa_flags=SA_RESTART|SA_SIGINFO
SIGFPE: [libjvm.so+0xd28b70], sa_mask[0]=11111111011111111101111111111110, sa_flags=SA_RESTART|SA_SIGINFO
SIGPIPE: [libjvm.so+0xb2a1f0], sa_mask[0]=11111111011111111101111111111110, sa_flags=SA_RESTART|SA_SIGINFO
SIGXFSZ: [libjvm.so+0xb2a1f0], sa_mask[0]=11111111011111111101111111111110, sa_flags=SA_RESTART|SA_SIGINFO
SIGILL: [libjvm.so+0xd28b70], sa_mask[0]=11111111011111111101111111111110, sa_flags=SA_RESTART|SA_SIGINFO
SIGUSR2: [libjvm.so+0xb2a030], sa_mask[0]=00000000000000000000000000000000, sa_flags=SA_RESTART|SA_SIGINFO
SIGHUP: SIG_DFL, sa_mask[0]=00000000000000000000000000000000, sa_flags=none
SIGINT: SIG_DFL, sa_mask[0]=00000000000000000000000000000000, sa_flags=none
SIGTERM: SIG_DFL, sa_mask[0]=00000000000000000000000000000000, sa_flags=none
SIGQUIT: SIG_DFL, sa_mask[0]=00000000000000000000000000000000, sa_flags=none


---------------  S Y S T E M  ---------------

OS:DISTRIB_ID=Ubuntu
DISTRIB_RELEASE=18.04
DISTRIB_CODENAME=bionic
DISTRIB_DESCRIPTION="Ubuntu 18.04.1 LTS"
uname:Linux 4.15.0-45-generic #48-Ubuntu SMP Tue Jan 29 16:28:13 UTC 2019 x86_64
libc:glibc 2.27 NPTL 2.27 
rlimit: STACK 8192k, CORE 0k, NPROC 767459, NOFILE 1048576, AS infinity, DATA infinity, FSIZE infinity
load average:4.10 2.82 2.24

/proc/meminfo:
MemTotal:       196723672 kB
MemFree:          723656 kB
MemAvailable:          0 kB
Buffers:           22500 kB
Cached:            68200 kB
SwapCached:        10016 kB
Active:         189617628 kB
Inactive:        4844300 kB
Active(anon):   189565952 kB
Inactive(anon):  4807320 kB
Active(file):      51676 kB
Inactive(file):    36980 kB
Unevictable:           0 kB
Mlocked:               0 kB
SwapTotal:       8388604 kB
SwapFree:          61304 kB
Dirty:                32 kB
Writeback:             0 kB
AnonPages:      194361360 kB
Mapped:            33752 kB
Shmem:              2264 kB
Slab:             440076 kB
SReclaimable:     133784 kB
SUnreclaim:       306292 kB
KernelStack:       17056 kB
PageTables:       420396 kB
NFS_Unstable:          0 kB
Bounce:                0 kB
WritebackTmp:          0 kB
CommitLimit:    106750440 kB
Committed_AS:   194692300 kB
VmallocTotal:   34359738367 kB
VmallocUsed:           0 kB
VmallocChunk:          0 kB
HardwareCorrupted:     0 kB
AnonHugePages:         0 kB
ShmemHugePages:        0 kB
ShmemPmdMapped:        0 kB
CmaTotal:              0 kB
CmaFree:               0 kB
HugePages_Total:       0
HugePages_Free:        0
HugePages_Rsvd:        0
HugePages_Surp:        0
Hugepagesize:       2048 kB
DirectMap4k:      318272 kB
DirectMap2M:     7745536 kB
DirectMap1G:    193986560 kB

container (cgroup) information:
container_type: cgroupv1
cpu_cpuset_cpus: 0-79
cpu_memory_nodes: 0-1
active_processor_count: 80
cpu_quota: -1
cpu_period: 100000
cpu_shares: -1
memory_limit_in_bytes: -1
memory_and_swap_limit_in_bytes: -2
memory_soft_limit_in_bytes: -1
memory_usage_in_bytes: 199588102144
memory_max_usage_in_bytes: 199824777216


CPU:total 80 (initial active 80) (20 cores per cpu, 2 threads per core) family 6 model 85 stepping 4, cmov, cx8, fxsr, mmx, sse, sse2, sse3, ssse3, sse4.1, sse4.2, popcnt, avx, avx2, aes, clmul, erms, rtm, 3dnowpref, lzcnt, ht, tsc, tscinvbit, bmi1, bmi2, adx, evex, fma
CPU Model and flags from /proc/cpuinfo:
model name	: Intel(R) Xeon(R) Gold 6138 CPU @ 2.00GHz
flags		: fpu vme de pse tsc msr pae mce cx8 apic sep mtrr pge mca cmov pat pse36 clflush dts acpi mmx fxsr sse sse2 ss ht tm pbe syscall nx pdpe1gb rdtscp lm constant_tsc art arch_perfmon pebs bts rep_good nopl xtopology nonstop_tsc cpuid aperfmperf pni pclmulqdq dtes64 monitor ds_cpl vmx smx est tm2 ssse3 sdbg fma cx16 xtpr pdcm pcid dca sse4_1 sse4_2 x2apic movbe popcnt tsc_deadline_timer aes xsave avx f16c rdrand lahf_lm abm 3dnowprefetch cpuid_fault epb cat_l3 cdp_l3 invpcid_single pti intel_ppin ssbd mba ibrs ibpb stibp tpr_shadow vnmi flexpriority ept vpid fsgsbase tsc_adjust bmi1 hle avx2 smep bmi2 erms invpcid rtm cqm mpx rdt_a avx512f avx512dq rdseed adx smap clflushopt clwb intel_pt avx512cd avx512bw avx512vl xsaveopt xsavec xgetbv1 xsaves cqm_llc cqm_occup_llc cqm_mbm_total cqm_mbm_local dtherm ida arat pln pts pku ospke flush_l1d

Memory: 4k page, physical 196723672k(723656k free), swap 8388604k(61304k free)

vm_info: OpenJDK 64-Bit Server VM (10.0.2+13-Ubuntu-1ubuntu0.18.04.4) for linux-amd64 JRE (10.0.2+13-Ubuntu-1ubuntu0.18.04.4), built on Nov 13 2018 12:53:39 by "buildd" with gcc 7.3.0

END.
